[2024-12-10T11:46:11.552+0000] {local_task_job_runner.py:123} INFO - ::group::Pre task execution logs
[2024-12-10T11:46:11.661+0000] {taskinstance.py:2613} INFO - Dependencies all met for dep_context=non-requeueable deps ti=<TaskInstance: weather_data_pipeline.fetch_weather_data_python scheduled__2024-12-09T00:00:00+00:00 [queued]>
[2024-12-10T11:46:11.721+0000] {taskinstance.py:2613} INFO - Dependencies all met for dep_context=requeueable deps ti=<TaskInstance: weather_data_pipeline.fetch_weather_data_python scheduled__2024-12-09T00:00:00+00:00 [queued]>
[2024-12-10T11:46:11.735+0000] {taskinstance.py:2866} INFO - Starting attempt 1 of 2
[2024-12-10T11:46:11.856+0000] {taskinstance.py:2889} INFO - Executing <Task(PythonOperator): fetch_weather_data_python> on 2024-12-09 00:00:00+00:00
[2024-12-10T11:46:11.896+0000] {warnings.py:112} WARNING - /home/***/.local/lib/python3.12/site-packages/***/task/task_runner/standard_task_runner.py:70: DeprecationWarning: This process (pid=5541) is multi-threaded, use of fork() may lead to deadlocks in the child.
  pid = os.fork()

[2024-12-10T11:46:11.908+0000] {standard_task_runner.py:104} INFO - Running: ['***', 'tasks', 'run', 'weather_data_pipeline', 'fetch_weather_data_python', 'scheduled__2024-12-09T00:00:00+00:00', '--job-id', '106', '--raw', '--subdir', 'DAGS_FOLDER/portland_weather_data_pipeline.py', '--cfg-path', '/tmp/tmp_1d3vkl9']
[2024-12-10T11:46:11.939+0000] {standard_task_runner.py:105} INFO - Job 106: Subtask fetch_weather_data_python
[2024-12-10T11:46:11.914+0000] {standard_task_runner.py:72} INFO - Started process 5556 to run task
[2024-12-10T11:46:12.278+0000] {task_command.py:467} INFO - Running <TaskInstance: weather_data_pipeline.fetch_weather_data_python scheduled__2024-12-09T00:00:00+00:00 [running]> on host 4ccd8b9315ad
[2024-12-10T11:46:15.804+0000] {taskinstance.py:3132} INFO - Exporting env vars: AIRFLOW_CTX_DAG_OWNER='***' AIRFLOW_CTX_DAG_ID='weather_data_pipeline' AIRFLOW_CTX_TASK_ID='fetch_weather_data_python' AIRFLOW_CTX_EXECUTION_DATE='2024-12-09T00:00:00+00:00' AIRFLOW_CTX_TRY_NUMBER='1' AIRFLOW_CTX_DAG_RUN_ID='scheduled__2024-12-09T00:00:00+00:00'
[2024-12-10T11:46:15.812+0000] {logging_mixin.py:190} INFO - Task instance is in running state
[2024-12-10T11:46:15.816+0000] {logging_mixin.py:190} INFO -  Previous state of the Task instance: queued
[2024-12-10T11:46:15.817+0000] {logging_mixin.py:190} INFO - Current task name:fetch_weather_data_python state:running start_date:2024-12-10 11:46:11.670482+00:00
[2024-12-10T11:46:15.818+0000] {logging_mixin.py:190} INFO - Dag name:weather_data_pipeline and current dag run status:running
[2024-12-10T11:46:15.819+0000] {taskinstance.py:731} INFO - ::endgroup::
[2024-12-10T11:46:18.542+0000] {job.py:229} INFO - Heartbeat recovered after 10.96 seconds
[2024-12-10T11:46:28.526+0000] {python.py:240} INFO - Done. Returned value was: {'coord': {'lon': -122.6762, 'lat': 45.5234}, 'weather': [{'id': 741, 'main': 'Fog', 'description': 'fog', 'icon': '50n'}], 'base': 'stations', 'main': {'temp': 275.39, 'feels_like': 272.24, 'temp_min': 273.08, 'temp_max': 276.6, 'pressure': 1029, 'humidity': 96, 'sea_level': 1029, 'grnd_level': 1018}, 'visibility': 402, 'wind': {'speed': 3.13, 'deg': 53, 'gust': 6.71}, 'clouds': {'all': 100}, 'dt': 1733831014, 'sys': {'type': 2, 'id': 2008548, 'country': 'US', 'sunrise': 1733845235, 'sunset': 1733876836}, 'timezone': -28800, 'id': 5746545, 'name': 'Portland', 'cod': 200}
[2024-12-10T11:46:28.721+0000] {taskinstance.py:340} INFO - ::group::Post task execution logs
[2024-12-10T11:46:28.734+0000] {taskinstance.py:352} INFO - Marking task as SUCCESS. dag_id=weather_data_pipeline, task_id=fetch_weather_data_python, run_id=scheduled__2024-12-09T00:00:00+00:00, execution_date=20241209T000000, start_date=20241210T114611, end_date=20241210T114628
[2024-12-10T11:46:28.823+0000] {logging_mixin.py:190} INFO - Task instance in success state
[2024-12-10T11:46:28.824+0000] {logging_mixin.py:190} INFO -  Previous state of the Task instance: running
[2024-12-10T11:46:28.826+0000] {logging_mixin.py:190} INFO - Dag name:weather_data_pipeline queued_at:2024-12-10 11:45:50.925021+00:00
[2024-12-10T11:46:28.981+0000] {logging_mixin.py:190} INFO - Task hostname:4ccd8b9315ad operator:PythonOperator
[2024-12-10T11:46:29.243+0000] {local_task_job_runner.py:266} INFO - Task exited with return code 0
[2024-12-10T11:46:29.390+0000] {taskinstance.py:3895} INFO - 0 downstream tasks scheduled from follow-on schedule check
[2024-12-10T11:46:29.420+0000] {local_task_job_runner.py:245} INFO - ::endgroup::
