[2024-12-09T20:12:47.398+0000] {local_task_job_runner.py:123} INFO - ::group::Pre task execution logs
[2024-12-09T20:12:47.450+0000] {taskinstance.py:2613} INFO - Dependencies all met for dep_context=non-requeueable deps ti=<TaskInstance: weather_data_pipeline.fetch_weather_data manual__2024-12-09T20:12:36.464960+00:00 [queued]>
[2024-12-09T20:12:47.473+0000] {taskinstance.py:2613} INFO - Dependencies all met for dep_context=requeueable deps ti=<TaskInstance: weather_data_pipeline.fetch_weather_data manual__2024-12-09T20:12:36.464960+00:00 [queued]>
[2024-12-09T20:12:47.474+0000] {taskinstance.py:2866} INFO - Starting attempt 1 of 2
[2024-12-09T20:12:47.529+0000] {taskinstance.py:2889} INFO - Executing <Task(PythonOperator): fetch_weather_data> on 2024-12-09 20:12:36.464960+00:00
[2024-12-09T20:12:47.552+0000] {warnings.py:112} WARNING - /home/***/.local/lib/python3.12/site-packages/***/task/task_runner/standard_task_runner.py:70: DeprecationWarning: This process (pid=550) is multi-threaded, use of fork() may lead to deadlocks in the child.
  pid = os.fork()

[2024-12-09T20:12:47.557+0000] {standard_task_runner.py:72} INFO - Started process 552 to run task
[2024-12-09T20:12:47.551+0000] {standard_task_runner.py:104} INFO - Running: ['***', 'tasks', 'run', 'weather_data_pipeline', 'fetch_weather_data', 'manual__2024-12-09T20:12:36.464960+00:00', '--job-id', '80', '--raw', '--subdir', 'DAGS_FOLDER/portland_weather_data_pipeline.py', '--cfg-path', '/tmp/tmpmnjt5ea9']
[2024-12-09T20:12:47.565+0000] {standard_task_runner.py:105} INFO - Job 80: Subtask fetch_weather_data
[2024-12-09T20:12:47.732+0000] {task_command.py:467} INFO - Running <TaskInstance: weather_data_pipeline.fetch_weather_data manual__2024-12-09T20:12:36.464960+00:00 [running]> on host 4ccd8b9315ad
[2024-12-09T20:12:48.606+0000] {taskinstance.py:3132} INFO - Exporting env vars: AIRFLOW_CTX_DAG_OWNER='***' AIRFLOW_CTX_DAG_ID='weather_data_pipeline' AIRFLOW_CTX_TASK_ID='fetch_weather_data' AIRFLOW_CTX_EXECUTION_DATE='2024-12-09T20:12:36.464960+00:00' AIRFLOW_CTX_TRY_NUMBER='1' AIRFLOW_CTX_DAG_RUN_ID='manual__2024-12-09T20:12:36.464960+00:00'
[2024-12-09T20:12:48.611+0000] {logging_mixin.py:190} INFO - Task instance is in running state
[2024-12-09T20:12:48.616+0000] {logging_mixin.py:190} INFO -  Previous state of the Task instance: queued
[2024-12-09T20:12:48.619+0000] {logging_mixin.py:190} INFO - Current task name:fetch_weather_data state:running start_date:2024-12-09 20:12:47.451666+00:00
[2024-12-09T20:12:48.620+0000] {logging_mixin.py:190} INFO - Dag name:weather_data_pipeline and current dag run status:running
[2024-12-09T20:12:48.622+0000] {taskinstance.py:731} INFO - ::endgroup::
[2024-12-09T20:12:49.115+0000] {python.py:240} INFO - Done. Returned value was: {'coord': {'lon': -122.6762, 'lat': 45.5234}, 'weather': [{'id': 801, 'main': 'Clouds', 'description': 'few clouds', 'icon': '02d'}], 'base': 'stations', 'main': {'temp': 281.49, 'feels_like': 280.36, 'temp_min': 280.12, 'temp_max': 282.93, 'pressure': 1031, 'humidity': 88, 'sea_level': 1031, 'grnd_level': 1020}, 'visibility': 10000, 'wind': {'speed': 2.06, 'deg': 200}, 'clouds': {'all': 20}, 'dt': 1733775160, 'sys': {'type': 2, 'id': 2008548, 'country': 'US', 'sunrise': 1733758781, 'sunset': 1733790437}, 'timezone': -28800, 'id': 5746545, 'name': 'Portland', 'cod': 200}
[2024-12-09T20:12:49.177+0000] {taskinstance.py:340} INFO - ::group::Post task execution logs
[2024-12-09T20:12:49.179+0000] {taskinstance.py:352} INFO - Marking task as SUCCESS. dag_id=weather_data_pipeline, task_id=fetch_weather_data, run_id=manual__2024-12-09T20:12:36.464960+00:00, execution_date=20241209T201236, start_date=20241209T201247, end_date=20241209T201249
[2024-12-09T20:12:49.208+0000] {logging_mixin.py:190} INFO - Task instance in success state
[2024-12-09T20:12:49.209+0000] {logging_mixin.py:190} INFO -  Previous state of the Task instance: running
[2024-12-09T20:12:49.210+0000] {logging_mixin.py:190} INFO - Dag name:weather_data_pipeline queued_at:2024-12-09 20:12:36.475813+00:00
[2024-12-09T20:12:49.211+0000] {logging_mixin.py:190} INFO - Task hostname:4ccd8b9315ad operator:PythonOperator
[2024-12-09T20:12:49.265+0000] {local_task_job_runner.py:266} INFO - Task exited with return code 0
[2024-12-09T20:12:49.344+0000] {taskinstance.py:3895} INFO - 1 downstream tasks scheduled from follow-on schedule check
[2024-12-09T20:12:49.348+0000] {local_task_job_runner.py:245} INFO - ::endgroup::
