[2024-12-10T11:46:11.587+0000] {local_task_job_runner.py:123} INFO - ::group::Pre task execution logs
[2024-12-10T11:46:11.691+0000] {taskinstance.py:2613} INFO - Dependencies all met for dep_context=non-requeueable deps ti=<TaskInstance: weather_data_pipeline.check_api_online_python scheduled__2024-12-09T00:00:00+00:00 [queued]>
[2024-12-10T11:46:11.740+0000] {taskinstance.py:2613} INFO - Dependencies all met for dep_context=requeueable deps ti=<TaskInstance: weather_data_pipeline.check_api_online_python scheduled__2024-12-09T00:00:00+00:00 [queued]>
[2024-12-10T11:46:11.751+0000] {taskinstance.py:2866} INFO - Starting attempt 1 of 2
[2024-12-10T11:46:11.833+0000] {taskinstance.py:2889} INFO - Executing <Task(PythonOperator): check_api_online_python> on 2024-12-09 00:00:00+00:00
[2024-12-10T11:46:11.893+0000] {warnings.py:112} WARNING - /home/***/.local/lib/python3.12/site-packages/***/task/task_runner/standard_task_runner.py:70: DeprecationWarning: This process (pid=5542) is multi-threaded, use of fork() may lead to deadlocks in the child.
  pid = os.fork()

[2024-12-10T11:46:11.908+0000] {standard_task_runner.py:104} INFO - Running: ['***', 'tasks', 'run', 'weather_data_pipeline', 'check_api_online_python', 'scheduled__2024-12-09T00:00:00+00:00', '--job-id', '107', '--raw', '--subdir', 'DAGS_FOLDER/portland_weather_data_pipeline.py', '--cfg-path', '/tmp/tmp7vna1pwo']
[2024-12-10T11:46:11.913+0000] {standard_task_runner.py:72} INFO - Started process 5555 to run task
[2024-12-10T11:46:11.939+0000] {standard_task_runner.py:105} INFO - Job 107: Subtask check_api_online_python
[2024-12-10T11:46:12.343+0000] {task_command.py:467} INFO - Running <TaskInstance: weather_data_pipeline.check_api_online_python scheduled__2024-12-09T00:00:00+00:00 [running]> on host 4ccd8b9315ad
[2024-12-10T11:46:13.658+0000] {taskinstance.py:3132} INFO - Exporting env vars: AIRFLOW_CTX_DAG_OWNER='***' AIRFLOW_CTX_DAG_ID='weather_data_pipeline' AIRFLOW_CTX_TASK_ID='check_api_online_python' AIRFLOW_CTX_EXECUTION_DATE='2024-12-09T00:00:00+00:00' AIRFLOW_CTX_TRY_NUMBER='1' AIRFLOW_CTX_DAG_RUN_ID='scheduled__2024-12-09T00:00:00+00:00'
[2024-12-10T11:46:13.681+0000] {logging_mixin.py:190} INFO - Task instance is in running state
[2024-12-10T11:46:13.689+0000] {logging_mixin.py:190} INFO -  Previous state of the Task instance: queued
[2024-12-10T11:46:13.703+0000] {logging_mixin.py:190} INFO - Current task name:check_api_online_python state:running start_date:2024-12-10 11:46:11.701704+00:00
[2024-12-10T11:46:13.704+0000] {logging_mixin.py:190} INFO - Dag name:weather_data_pipeline and current dag run status:running
[2024-12-10T11:46:13.962+0000] {taskinstance.py:731} INFO - ::endgroup::
[2024-12-10T11:46:28.223+0000] {logging_mixin.py:190} INFO - API is online.
[2024-12-10T11:46:28.230+0000] {python.py:240} INFO - Done. Returned value was: True
[2024-12-10T11:46:28.368+0000] {taskinstance.py:340} INFO - ::group::Post task execution logs
[2024-12-10T11:46:28.413+0000] {taskinstance.py:352} INFO - Marking task as SUCCESS. dag_id=weather_data_pipeline, task_id=check_api_online_python, run_id=scheduled__2024-12-09T00:00:00+00:00, execution_date=20241209T000000, start_date=20241210T114611, end_date=20241210T114628
[2024-12-10T11:46:28.480+0000] {logging_mixin.py:190} INFO - Task instance in success state
[2024-12-10T11:46:28.494+0000] {logging_mixin.py:190} INFO -  Previous state of the Task instance: running
[2024-12-10T11:46:28.507+0000] {logging_mixin.py:190} INFO - Dag name:weather_data_pipeline queued_at:2024-12-10 11:45:50.925021+00:00
[2024-12-10T11:46:28.508+0000] {logging_mixin.py:190} INFO - Task hostname:4ccd8b9315ad operator:PythonOperator
[2024-12-10T11:46:28.707+0000] {local_task_job_runner.py:266} INFO - Task exited with return code 0
[2024-12-10T11:46:28.750+0000] {local_task_job_runner.py:245} INFO - ::endgroup::
