[2024-12-11T10:30:59.416+0000] {local_task_job_runner.py:123} INFO - ::group::Pre task execution logs
[2024-12-11T10:30:59.478+0000] {taskinstance.py:2613} INFO - Dependencies all met for dep_context=non-requeueable deps ti=<TaskInstance: weather_data_pipeline.fetch_weather_data manual__2024-12-11T10:30:40.208041+00:00 [queued]>
[2024-12-11T10:30:59.525+0000] {taskinstance.py:2613} INFO - Dependencies all met for dep_context=requeueable deps ti=<TaskInstance: weather_data_pipeline.fetch_weather_data manual__2024-12-11T10:30:40.208041+00:00 [queued]>
[2024-12-11T10:30:59.537+0000] {taskinstance.py:2866} INFO - Starting attempt 1 of 2
[2024-12-11T10:30:59.603+0000] {taskinstance.py:2889} INFO - Executing <Task(PythonOperator): fetch_weather_data> on 2024-12-11 10:30:40.208041+00:00
[2024-12-11T10:30:59.622+0000] {standard_task_runner.py:104} INFO - Running: ['***', 'tasks', 'run', 'weather_data_pipeline', 'fetch_weather_data', 'manual__2024-12-11T10:30:40.208041+00:00', '--job-id', '133', '--raw', '--subdir', 'DAGS_FOLDER/portland_weather_data_pipeline.py', '--cfg-path', '/tmp/tmp0bu_28jv']
[2024-12-11T10:30:59.615+0000] {warnings.py:112} WARNING - /home/***/.local/lib/python3.12/site-packages/***/task/task_runner/standard_task_runner.py:70: DeprecationWarning: This process (pid=1336) is multi-threaded, use of fork() may lead to deadlocks in the child.
  pid = os.fork()

[2024-12-11T10:30:59.631+0000] {standard_task_runner.py:72} INFO - Started process 1338 to run task
[2024-12-11T10:30:59.627+0000] {standard_task_runner.py:105} INFO - Job 133: Subtask fetch_weather_data
[2024-12-11T10:30:59.782+0000] {task_command.py:467} INFO - Running <TaskInstance: weather_data_pipeline.fetch_weather_data manual__2024-12-11T10:30:40.208041+00:00 [running]> on host 4ccd8b9315ad
[2024-12-11T10:31:00.470+0000] {taskinstance.py:3132} INFO - Exporting env vars: AIRFLOW_CTX_DAG_OWNER='***' AIRFLOW_CTX_DAG_ID='weather_data_pipeline' AIRFLOW_CTX_TASK_ID='fetch_weather_data' AIRFLOW_CTX_EXECUTION_DATE='2024-12-11T10:30:40.208041+00:00' AIRFLOW_CTX_TRY_NUMBER='1' AIRFLOW_CTX_DAG_RUN_ID='manual__2024-12-11T10:30:40.208041+00:00'
[2024-12-11T10:31:00.473+0000] {logging_mixin.py:190} INFO - Task instance is in running state
[2024-12-11T10:31:00.479+0000] {logging_mixin.py:190} INFO -  Previous state of the Task instance: queued
[2024-12-11T10:31:00.489+0000] {logging_mixin.py:190} INFO - Current task name:fetch_weather_data state:running start_date:2024-12-11 10:30:59.488683+00:00
[2024-12-11T10:31:00.500+0000] {logging_mixin.py:190} INFO - Dag name:weather_data_pipeline and current dag run status:running
[2024-12-11T10:31:00.516+0000] {taskinstance.py:731} INFO - ::endgroup::
[2024-12-11T10:31:01.088+0000] {python.py:240} INFO - Done. Returned value was: {'coord': {'lon': -122.6762, 'lat': 45.5234}, 'weather': [{'id': 800, 'main': 'Clear', 'description': 'clear sky', 'icon': '01n'}], 'base': 'stations', 'main': {'temp': 274.88, 'feels_like': 272.01, 'temp_min': 273.9, 'temp_max': 276.38, 'pressure': 1023, 'humidity': 92, 'sea_level': 1023, 'grnd_level': 1012}, 'visibility': 10000, 'wind': {'speed': 2.68, 'deg': 51, 'gust': 5.36}, 'clouds': {'all': 0}, 'dt': 1733913053, 'sys': {'type': 2, 'id': 2013569, 'country': 'US', 'sunrise': 1733931688, 'sunset': 1733963238}, 'timezone': -28800, 'id': 5746545, 'name': 'Portland', 'cod': 200}
[2024-12-11T10:31:01.218+0000] {taskinstance.py:340} INFO - ::group::Post task execution logs
[2024-12-11T10:31:01.219+0000] {taskinstance.py:352} INFO - Marking task as SUCCESS. dag_id=weather_data_pipeline, task_id=fetch_weather_data, run_id=manual__2024-12-11T10:30:40.208041+00:00, execution_date=20241211T103040, start_date=20241211T103059, end_date=20241211T103101
[2024-12-11T10:31:01.260+0000] {logging_mixin.py:190} INFO - Task instance in success state
[2024-12-11T10:31:01.261+0000] {logging_mixin.py:190} INFO -  Previous state of the Task instance: running
[2024-12-11T10:31:01.263+0000] {logging_mixin.py:190} INFO - Dag name:weather_data_pipeline queued_at:2024-12-11 10:30:40.230595+00:00
[2024-12-11T10:31:01.264+0000] {logging_mixin.py:190} INFO - Task hostname:4ccd8b9315ad operator:PythonOperator
[2024-12-11T10:31:01.318+0000] {local_task_job_runner.py:266} INFO - Task exited with return code 0
[2024-12-11T10:31:01.385+0000] {taskinstance.py:3895} INFO - 1 downstream tasks scheduled from follow-on schedule check
[2024-12-11T10:31:01.402+0000] {local_task_job_runner.py:245} INFO - ::endgroup::
