[2024-12-11T10:19:59.077+0000] {local_task_job_runner.py:123} INFO - ::group::Pre task execution logs
[2024-12-11T10:19:59.139+0000] {taskinstance.py:2613} INFO - Dependencies all met for dep_context=non-requeueable deps ti=<TaskInstance: weather_data_pipeline.check_api_online_python manual__2024-12-11T10:19:47.167832+00:00 [queued]>
[2024-12-11T10:19:59.190+0000] {taskinstance.py:2613} INFO - Dependencies all met for dep_context=requeueable deps ti=<TaskInstance: weather_data_pipeline.check_api_online_python manual__2024-12-11T10:19:47.167832+00:00 [queued]>
[2024-12-11T10:19:59.209+0000] {taskinstance.py:2866} INFO - Starting attempt 1 of 2
[2024-12-11T10:19:59.339+0000] {taskinstance.py:2889} INFO - Executing <Task(PythonOperator): check_api_online_python> on 2024-12-11 10:19:47.167832+00:00
[2024-12-11T10:19:59.361+0000] {warnings.py:112} WARNING - /home/***/.local/lib/python3.12/site-packages/***/task/task_runner/standard_task_runner.py:70: DeprecationWarning: This process (pid=1181) is multi-threaded, use of fork() may lead to deadlocks in the child.
  pid = os.fork()

[2024-12-11T10:19:59.372+0000] {standard_task_runner.py:72} INFO - Started process 1189 to run task
[2024-12-11T10:19:59.364+0000] {standard_task_runner.py:104} INFO - Running: ['***', 'tasks', 'run', 'weather_data_pipeline', 'check_api_online_python', 'manual__2024-12-11T10:19:47.167832+00:00', '--job-id', '126', '--raw', '--subdir', 'DAGS_FOLDER/portland_weather_data_pipeline.py', '--cfg-path', '/tmp/tmpfrwewakg']
[2024-12-11T10:19:59.378+0000] {standard_task_runner.py:105} INFO - Job 126: Subtask check_api_online_python
[2024-12-11T10:19:59.578+0000] {task_command.py:467} INFO - Running <TaskInstance: weather_data_pipeline.check_api_online_python manual__2024-12-11T10:19:47.167832+00:00 [running]> on host 4ccd8b9315ad
[2024-12-11T10:19:59.870+0000] {taskinstance.py:3132} INFO - Exporting env vars: AIRFLOW_CTX_DAG_OWNER='***' AIRFLOW_CTX_DAG_ID='weather_data_pipeline' AIRFLOW_CTX_TASK_ID='check_api_online_python' AIRFLOW_CTX_EXECUTION_DATE='2024-12-11T10:19:47.167832+00:00' AIRFLOW_CTX_TRY_NUMBER='1' AIRFLOW_CTX_DAG_RUN_ID='manual__2024-12-11T10:19:47.167832+00:00'
[2024-12-11T10:19:59.874+0000] {logging_mixin.py:190} INFO - Task instance is in running state
[2024-12-11T10:19:59.878+0000] {logging_mixin.py:190} INFO -  Previous state of the Task instance: queued
[2024-12-11T10:19:59.880+0000] {logging_mixin.py:190} INFO - Current task name:check_api_online_python state:running start_date:2024-12-11 10:19:59.142643+00:00
[2024-12-11T10:19:59.883+0000] {logging_mixin.py:190} INFO - Dag name:weather_data_pipeline and current dag run status:running
[2024-12-11T10:19:59.884+0000] {taskinstance.py:731} INFO - ::endgroup::
[2024-12-11T10:20:00.364+0000] {logging_mixin.py:190} INFO - API is online.
[2024-12-11T10:20:00.392+0000] {python.py:240} INFO - Done. Returned value was: True
[2024-12-11T10:20:00.517+0000] {taskinstance.py:340} INFO - ::group::Post task execution logs
[2024-12-11T10:20:00.562+0000] {taskinstance.py:352} INFO - Marking task as SUCCESS. dag_id=weather_data_pipeline, task_id=check_api_online_python, run_id=manual__2024-12-11T10:19:47.167832+00:00, execution_date=20241211T101947, start_date=20241211T101959, end_date=20241211T102000
[2024-12-11T10:20:00.679+0000] {logging_mixin.py:190} INFO - Task instance in success state
[2024-12-11T10:20:00.692+0000] {logging_mixin.py:190} INFO -  Previous state of the Task instance: running
[2024-12-11T10:20:00.710+0000] {logging_mixin.py:190} INFO - Dag name:weather_data_pipeline queued_at:2024-12-11 10:19:47.211735+00:00
[2024-12-11T10:20:00.712+0000] {logging_mixin.py:190} INFO - Task hostname:4ccd8b9315ad operator:PythonOperator
[2024-12-11T10:20:00.801+0000] {local_task_job_runner.py:266} INFO - Task exited with return code 0
[2024-12-11T10:20:00.826+0000] {local_task_job_runner.py:245} INFO - ::endgroup::
