[2024-12-11T12:14:59.803+0000] {local_task_job_runner.py:123} INFO - ::group::Pre task execution logs
[2024-12-11T12:15:00.271+0000] {taskinstance.py:2613} INFO - Dependencies all met for dep_context=non-requeueable deps ti=<TaskInstance: weather_data_pipeline.fetch_weather_data manual__2024-12-11T12:14:41.783001+00:00 [queued]>
[2024-12-11T12:15:00.321+0000] {taskinstance.py:2613} INFO - Dependencies all met for dep_context=requeueable deps ti=<TaskInstance: weather_data_pipeline.fetch_weather_data manual__2024-12-11T12:14:41.783001+00:00 [queued]>
[2024-12-11T12:15:00.324+0000] {taskinstance.py:2866} INFO - Starting attempt 1 of 2
[2024-12-11T12:15:00.374+0000] {taskinstance.py:2889} INFO - Executing <Task(PythonOperator): fetch_weather_data> on 2024-12-11 12:14:41.783001+00:00
[2024-12-11T12:15:00.397+0000] {standard_task_runner.py:104} INFO - Running: ['***', 'tasks', 'run', 'weather_data_pipeline', 'fetch_weather_data', 'manual__2024-12-11T12:14:41.783001+00:00', '--job-id', '171', '--raw', '--subdir', 'DAGS_FOLDER/portland_weather_data_pipeline.py', '--cfg-path', '/tmp/tmp6_t8fyoy']
[2024-12-11T12:15:00.402+0000] {standard_task_runner.py:105} INFO - Job 171: Subtask fetch_weather_data
[2024-12-11T12:15:00.393+0000] {warnings.py:112} WARNING - /home/***/.local/lib/python3.12/site-packages/***/task/task_runner/standard_task_runner.py:70: DeprecationWarning: This process (pid=2642) is multi-threaded, use of fork() may lead to deadlocks in the child.
  pid = os.fork()

[2024-12-11T12:15:00.406+0000] {standard_task_runner.py:72} INFO - Started process 2644 to run task
[2024-12-11T12:15:00.576+0000] {task_command.py:467} INFO - Running <TaskInstance: weather_data_pipeline.fetch_weather_data manual__2024-12-11T12:14:41.783001+00:00 [running]> on host 4ccd8b9315ad
[2024-12-11T12:15:00.968+0000] {taskinstance.py:3132} INFO - Exporting env vars: AIRFLOW_CTX_DAG_OWNER='***' AIRFLOW_CTX_DAG_ID='weather_data_pipeline' AIRFLOW_CTX_TASK_ID='fetch_weather_data' AIRFLOW_CTX_EXECUTION_DATE='2024-12-11T12:14:41.783001+00:00' AIRFLOW_CTX_TRY_NUMBER='1' AIRFLOW_CTX_DAG_RUN_ID='manual__2024-12-11T12:14:41.783001+00:00'
[2024-12-11T12:15:00.973+0000] {logging_mixin.py:190} INFO - Task instance is in running state
[2024-12-11T12:15:00.975+0000] {logging_mixin.py:190} INFO -  Previous state of the Task instance: queued
[2024-12-11T12:15:00.976+0000] {logging_mixin.py:190} INFO - Current task name:fetch_weather_data state:running start_date:2024-12-11 12:15:00.278044+00:00
[2024-12-11T12:15:00.977+0000] {logging_mixin.py:190} INFO - Dag name:weather_data_pipeline and current dag run status:running
[2024-12-11T12:15:00.978+0000] {taskinstance.py:731} INFO - ::endgroup::
[2024-12-11T12:15:01.521+0000] {python.py:240} INFO - Done. Returned value was: {'coord': {'lon': -122.6762, 'lat': 45.5234}, 'weather': [{'id': 804, 'main': 'Clouds', 'description': 'overcast clouds', 'icon': '04n'}], 'base': 'stations', 'main': {'temp': 275.36, 'feels_like': 270.81, 'temp_min': 274, 'temp_max': 276.84, 'pressure': 1023, 'humidity': 89, 'sea_level': 1023, 'grnd_level': 1012}, 'visibility': 10000, 'wind': {'speed': 5.36, 'deg': 63, 'gust': 8.49}, 'clouds': {'all': 100}, 'dt': 1733919118, 'sys': {'type': 2, 'id': 2013569, 'country': 'US', 'sunrise': 1733931688, 'sunset': 1733963238}, 'timezone': -28800, 'id': 5746545, 'name': 'Portland', 'cod': 200}
[2024-12-11T12:15:01.610+0000] {taskinstance.py:340} INFO - ::group::Post task execution logs
[2024-12-11T12:15:01.615+0000] {taskinstance.py:352} INFO - Marking task as SUCCESS. dag_id=weather_data_pipeline, task_id=fetch_weather_data, run_id=manual__2024-12-11T12:14:41.783001+00:00, execution_date=20241211T121441, start_date=20241211T121500, end_date=20241211T121501
[2024-12-11T12:15:01.727+0000] {logging_mixin.py:190} INFO - Task instance in success state
[2024-12-11T12:15:01.736+0000] {logging_mixin.py:190} INFO -  Previous state of the Task instance: running
[2024-12-11T12:15:01.744+0000] {logging_mixin.py:190} INFO - Dag name:weather_data_pipeline queued_at:2024-12-11 12:14:41.828715+00:00
[2024-12-11T12:15:01.749+0000] {logging_mixin.py:190} INFO - Task hostname:4ccd8b9315ad operator:PythonOperator
[2024-12-11T12:15:01.885+0000] {local_task_job_runner.py:266} INFO - Task exited with return code 0
[2024-12-11T12:15:01.977+0000] {local_task_job_runner.py:245} INFO - ::endgroup::
