[2024-12-11T10:38:14.365+0000] {local_task_job_runner.py:123} INFO - ::group::Pre task execution logs
[2024-12-11T10:38:14.412+0000] {taskinstance.py:2613} INFO - Dependencies all met for dep_context=non-requeueable deps ti=<TaskInstance: weather_data_pipeline.transform_weather_data manual__2024-12-11T10:30:40.208041+00:00 [queued]>
[2024-12-11T10:38:14.446+0000] {taskinstance.py:2613} INFO - Dependencies all met for dep_context=requeueable deps ti=<TaskInstance: weather_data_pipeline.transform_weather_data manual__2024-12-11T10:30:40.208041+00:00 [queued]>
[2024-12-11T10:38:14.451+0000] {taskinstance.py:2866} INFO - Starting attempt 2 of 3
[2024-12-11T10:38:14.531+0000] {taskinstance.py:2889} INFO - Executing <Task(PythonOperator): transform_weather_data> on 2024-12-11 10:30:40.208041+00:00
[2024-12-11T10:38:14.550+0000] {warnings.py:112} WARNING - /home/***/.local/lib/python3.12/site-packages/***/task/task_runner/standard_task_runner.py:70: DeprecationWarning: This process (pid=1440) is multi-threaded, use of fork() may lead to deadlocks in the child.
  pid = os.fork()

[2024-12-11T10:38:14.554+0000] {standard_task_runner.py:72} INFO - Started process 1442 to run task
[2024-12-11T10:38:14.555+0000] {standard_task_runner.py:104} INFO - Running: ['***', 'tasks', 'run', 'weather_data_pipeline', 'transform_weather_data', 'manual__2024-12-11T10:30:40.208041+00:00', '--job-id', '140', '--raw', '--subdir', 'DAGS_FOLDER/portland_weather_data_pipeline.py', '--cfg-path', '/tmp/tmplmbifra7']
[2024-12-11T10:38:14.564+0000] {standard_task_runner.py:105} INFO - Job 140: Subtask transform_weather_data
[2024-12-11T10:38:14.756+0000] {task_command.py:467} INFO - Running <TaskInstance: weather_data_pipeline.transform_weather_data manual__2024-12-11T10:30:40.208041+00:00 [running]> on host 4ccd8b9315ad
[2024-12-11T10:38:15.535+0000] {taskinstance.py:3132} INFO - Exporting env vars: AIRFLOW_CTX_DAG_OWNER='***' AIRFLOW_CTX_DAG_ID='weather_data_pipeline' AIRFLOW_CTX_TASK_ID='transform_weather_data' AIRFLOW_CTX_EXECUTION_DATE='2024-12-11T10:30:40.208041+00:00' AIRFLOW_CTX_TRY_NUMBER='2' AIRFLOW_CTX_DAG_RUN_ID='manual__2024-12-11T10:30:40.208041+00:00'
[2024-12-11T10:38:15.545+0000] {logging_mixin.py:190} INFO - Task instance is in running state
[2024-12-11T10:38:15.546+0000] {logging_mixin.py:190} INFO -  Previous state of the Task instance: queued
[2024-12-11T10:38:15.548+0000] {logging_mixin.py:190} INFO - Current task name:transform_weather_data state:running start_date:2024-12-11 10:38:14.414123+00:00
[2024-12-11T10:38:15.548+0000] {logging_mixin.py:190} INFO - Dag name:weather_data_pipeline and current dag run status:running
[2024-12-11T10:38:15.549+0000] {taskinstance.py:731} INFO - ::endgroup::
[2024-12-11T10:38:15.590+0000] {python.py:240} INFO - Done. Returned value was: {'city': 'Portland', 'temperature': 35.02, 'pressure': 1023.0, 'humidity': 92.0, 'timestamp': datetime.datetime(2024, 12, 11, 2, 34, 8), 'sunrise': datetime.datetime(2024, 12, 11, 7, 41, 28), 'sunset': datetime.datetime(2024, 12, 11, 16, 27, 18)}
[2024-12-11T10:38:15.651+0000] {taskinstance.py:340} INFO - ::group::Post task execution logs
[2024-12-11T10:38:15.659+0000] {taskinstance.py:352} INFO - Marking task as SUCCESS. dag_id=weather_data_pipeline, task_id=transform_weather_data, run_id=manual__2024-12-11T10:30:40.208041+00:00, execution_date=20241211T103040, start_date=20241211T103814, end_date=20241211T103815
[2024-12-11T10:38:15.712+0000] {logging_mixin.py:190} INFO - Task instance in success state
[2024-12-11T10:38:15.739+0000] {logging_mixin.py:190} INFO -  Previous state of the Task instance: running
[2024-12-11T10:38:15.758+0000] {logging_mixin.py:190} INFO - Dag name:weather_data_pipeline queued_at:2024-12-11 10:37:02.752709+00:00
[2024-12-11T10:38:15.760+0000] {logging_mixin.py:190} INFO - Task hostname:4ccd8b9315ad operator:PythonOperator
[2024-12-11T10:38:15.845+0000] {local_task_job_runner.py:266} INFO - Task exited with return code 0
[2024-12-11T10:38:15.943+0000] {taskinstance.py:3895} INFO - 1 downstream tasks scheduled from follow-on schedule check
[2024-12-11T10:38:15.965+0000] {local_task_job_runner.py:245} INFO - ::endgroup::
