[2024-12-09T20:12:55.876+0000] {local_task_job_runner.py:123} INFO - ::group::Pre task execution logs
[2024-12-09T20:12:55.938+0000] {taskinstance.py:2613} INFO - Dependencies all met for dep_context=non-requeueable deps ti=<TaskInstance: weather_data_pipeline.transform_weather_data manual__2024-12-09T20:12:36.464960+00:00 [queued]>
[2024-12-09T20:12:55.999+0000] {taskinstance.py:2613} INFO - Dependencies all met for dep_context=requeueable deps ti=<TaskInstance: weather_data_pipeline.transform_weather_data manual__2024-12-09T20:12:36.464960+00:00 [queued]>
[2024-12-09T20:12:56.003+0000] {taskinstance.py:2866} INFO - Starting attempt 1 of 2
[2024-12-09T20:12:56.062+0000] {taskinstance.py:2889} INFO - Executing <Task(PythonOperator): transform_weather_data> on 2024-12-09 20:12:36.464960+00:00
[2024-12-09T20:12:56.085+0000] {warnings.py:112} WARNING - /home/***/.local/lib/python3.12/site-packages/***/task/task_runner/standard_task_runner.py:70: DeprecationWarning: This process (pid=554) is multi-threaded, use of fork() may lead to deadlocks in the child.
  pid = os.fork()

[2024-12-09T20:12:56.088+0000] {standard_task_runner.py:72} INFO - Started process 556 to run task
[2024-12-09T20:12:56.086+0000] {standard_task_runner.py:104} INFO - Running: ['***', 'tasks', 'run', 'weather_data_pipeline', 'transform_weather_data', 'manual__2024-12-09T20:12:36.464960+00:00', '--job-id', '81', '--raw', '--subdir', 'DAGS_FOLDER/portland_weather_data_pipeline.py', '--cfg-path', '/tmp/tmpkjw27r8k']
[2024-12-09T20:12:56.096+0000] {standard_task_runner.py:105} INFO - Job 81: Subtask transform_weather_data
[2024-12-09T20:12:56.244+0000] {task_command.py:467} INFO - Running <TaskInstance: weather_data_pipeline.transform_weather_data manual__2024-12-09T20:12:36.464960+00:00 [running]> on host 4ccd8b9315ad
[2024-12-09T20:12:56.799+0000] {taskinstance.py:3132} INFO - Exporting env vars: AIRFLOW_CTX_DAG_OWNER='***' AIRFLOW_CTX_DAG_ID='weather_data_pipeline' AIRFLOW_CTX_TASK_ID='transform_weather_data' AIRFLOW_CTX_EXECUTION_DATE='2024-12-09T20:12:36.464960+00:00' AIRFLOW_CTX_TRY_NUMBER='1' AIRFLOW_CTX_DAG_RUN_ID='manual__2024-12-09T20:12:36.464960+00:00'
[2024-12-09T20:12:56.802+0000] {logging_mixin.py:190} INFO - Task instance is in running state
[2024-12-09T20:12:56.803+0000] {logging_mixin.py:190} INFO -  Previous state of the Task instance: queued
[2024-12-09T20:12:56.804+0000] {logging_mixin.py:190} INFO - Current task name:transform_weather_data state:running start_date:2024-12-09 20:12:55.939984+00:00
[2024-12-09T20:12:56.805+0000] {logging_mixin.py:190} INFO - Dag name:weather_data_pipeline and current dag run status:running
[2024-12-09T20:12:56.806+0000] {taskinstance.py:731} INFO - ::endgroup::
[2024-12-09T20:12:56.827+0000] {python.py:240} INFO - Done. Returned value was: {'city': 'Portland', 'temperature': 47.01200000000006, 'pressure': 1031, 'humidity': 88, 'timestamp': datetime.datetime(2024, 12, 9, 12, 12, 40), 'sunrise': datetime.datetime(2024, 12, 9, 7, 39, 41), 'sunset': datetime.datetime(2024, 12, 9, 16, 27, 17)}
[2024-12-09T20:12:56.888+0000] {taskinstance.py:340} INFO - ::group::Post task execution logs
[2024-12-09T20:12:56.889+0000] {taskinstance.py:352} INFO - Marking task as SUCCESS. dag_id=weather_data_pipeline, task_id=transform_weather_data, run_id=manual__2024-12-09T20:12:36.464960+00:00, execution_date=20241209T201236, start_date=20241209T201255, end_date=20241209T201256
[2024-12-09T20:12:56.939+0000] {logging_mixin.py:190} INFO - Task instance in success state
[2024-12-09T20:12:56.942+0000] {logging_mixin.py:190} INFO -  Previous state of the Task instance: running
[2024-12-09T20:12:56.944+0000] {logging_mixin.py:190} INFO - Dag name:weather_data_pipeline queued_at:2024-12-09 20:12:36.475813+00:00
[2024-12-09T20:12:56.945+0000] {logging_mixin.py:190} INFO - Task hostname:4ccd8b9315ad operator:PythonOperator
[2024-12-09T20:12:57.027+0000] {local_task_job_runner.py:266} INFO - Task exited with return code 0
[2024-12-09T20:12:57.087+0000] {taskinstance.py:3895} INFO - 1 downstream tasks scheduled from follow-on schedule check
[2024-12-09T20:12:57.091+0000] {local_task_job_runner.py:245} INFO - ::endgroup::
