[2024-12-09T20:27:02.751+0000] {local_task_job_runner.py:123} INFO - ::group::Pre task execution logs
[2024-12-09T20:27:02.776+0000] {taskinstance.py:2613} INFO - Dependencies all met for dep_context=non-requeueable deps ti=<TaskInstance: weather_data_pipeline.fetch_weather_data manual__2024-12-09T20:26:54.874779+00:00 [queued]>
[2024-12-09T20:27:02.794+0000] {taskinstance.py:2613} INFO - Dependencies all met for dep_context=requeueable deps ti=<TaskInstance: weather_data_pipeline.fetch_weather_data manual__2024-12-09T20:26:54.874779+00:00 [queued]>
[2024-12-09T20:27:02.795+0000] {taskinstance.py:2866} INFO - Starting attempt 1 of 2
[2024-12-09T20:27:02.813+0000] {taskinstance.py:2889} INFO - Executing <Task(PythonOperator): fetch_weather_data> on 2024-12-09 20:26:54.874779+00:00
[2024-12-09T20:27:02.821+0000] {warnings.py:112} WARNING - /home/***/.local/lib/python3.12/site-packages/***/task/task_runner/standard_task_runner.py:70: DeprecationWarning: This process (pid=772) is multi-threaded, use of fork() may lead to deadlocks in the child.
  pid = os.fork()

[2024-12-09T20:27:02.824+0000] {standard_task_runner.py:72} INFO - Started process 774 to run task
[2024-12-09T20:27:02.824+0000] {standard_task_runner.py:104} INFO - Running: ['***', 'tasks', 'run', 'weather_data_pipeline', 'fetch_weather_data', 'manual__2024-12-09T20:26:54.874779+00:00', '--job-id', '95', '--raw', '--subdir', 'DAGS_FOLDER/portland_weather_data_pipeline.py', '--cfg-path', '/tmp/tmp4efpal65']
[2024-12-09T20:27:02.826+0000] {standard_task_runner.py:105} INFO - Job 95: Subtask fetch_weather_data
[2024-12-09T20:27:02.901+0000] {task_command.py:467} INFO - Running <TaskInstance: weather_data_pipeline.fetch_weather_data manual__2024-12-09T20:26:54.874779+00:00 [running]> on host 4ccd8b9315ad
[2024-12-09T20:27:03.227+0000] {taskinstance.py:3132} INFO - Exporting env vars: AIRFLOW_CTX_DAG_OWNER='***' AIRFLOW_CTX_DAG_ID='weather_data_pipeline' AIRFLOW_CTX_TASK_ID='fetch_weather_data' AIRFLOW_CTX_EXECUTION_DATE='2024-12-09T20:26:54.874779+00:00' AIRFLOW_CTX_TRY_NUMBER='1' AIRFLOW_CTX_DAG_RUN_ID='manual__2024-12-09T20:26:54.874779+00:00'
[2024-12-09T20:27:03.233+0000] {logging_mixin.py:190} INFO - Task instance is in running state
[2024-12-09T20:27:03.235+0000] {logging_mixin.py:190} INFO -  Previous state of the Task instance: queued
[2024-12-09T20:27:03.236+0000] {logging_mixin.py:190} INFO - Current task name:fetch_weather_data state:running start_date:2024-12-09 20:27:02.777909+00:00
[2024-12-09T20:27:03.237+0000] {logging_mixin.py:190} INFO - Dag name:weather_data_pipeline and current dag run status:running
[2024-12-09T20:27:03.238+0000] {taskinstance.py:731} INFO - ::endgroup::
[2024-12-09T20:27:03.652+0000] {python.py:240} INFO - Done. Returned value was: {'coord': {'lon': -122.6762, 'lat': 45.5234}, 'weather': [{'id': 801, 'main': 'Clouds', 'description': 'few clouds', 'icon': '02d'}], 'base': 'stations', 'main': {'temp': 281.66, 'feels_like': 280.55, 'temp_min': 280.22, 'temp_max': 283.04, 'pressure': 1031, 'humidity': 87, 'sea_level': 1031, 'grnd_level': 1020}, 'visibility': 10000, 'wind': {'speed': 2.06, 'deg': 200}, 'clouds': {'all': 20}, 'dt': 1733775632, 'sys': {'type': 2, 'id': 2008548, 'country': 'US', 'sunrise': 1733758781, 'sunset': 1733790437}, 'timezone': -28800, 'id': 5746545, 'name': 'Portland', 'cod': 200}
[2024-12-09T20:27:03.682+0000] {taskinstance.py:340} INFO - ::group::Post task execution logs
[2024-12-09T20:27:03.683+0000] {taskinstance.py:352} INFO - Marking task as SUCCESS. dag_id=weather_data_pipeline, task_id=fetch_weather_data, run_id=manual__2024-12-09T20:26:54.874779+00:00, execution_date=20241209T202654, start_date=20241209T202702, end_date=20241209T202703
[2024-12-09T20:27:03.718+0000] {logging_mixin.py:190} INFO - Task instance in success state
[2024-12-09T20:27:03.719+0000] {logging_mixin.py:190} INFO -  Previous state of the Task instance: running
[2024-12-09T20:27:03.720+0000] {logging_mixin.py:190} INFO - Dag name:weather_data_pipeline queued_at:2024-12-09 20:26:54.885396+00:00
[2024-12-09T20:27:03.721+0000] {logging_mixin.py:190} INFO - Task hostname:4ccd8b9315ad operator:PythonOperator
[2024-12-09T20:27:03.763+0000] {local_task_job_runner.py:266} INFO - Task exited with return code 0
[2024-12-09T20:27:03.824+0000] {taskinstance.py:3895} INFO - 1 downstream tasks scheduled from follow-on schedule check
[2024-12-09T20:27:03.827+0000] {local_task_job_runner.py:245} INFO - ::endgroup::
