[2024-12-11T10:37:55.385+0000] {local_task_job_runner.py:123} INFO - ::group::Pre task execution logs
[2024-12-11T10:37:55.468+0000] {taskinstance.py:2613} INFO - Dependencies all met for dep_context=non-requeueable deps ti=<TaskInstance: weather_data_pipeline.check_api_online manual__2024-12-11T10:30:40.208041+00:00 [queued]>
[2024-12-11T10:37:55.510+0000] {taskinstance.py:2613} INFO - Dependencies all met for dep_context=requeueable deps ti=<TaskInstance: weather_data_pipeline.check_api_online manual__2024-12-11T10:30:40.208041+00:00 [queued]>
[2024-12-11T10:37:55.512+0000] {taskinstance.py:2866} INFO - Starting attempt 2 of 3
[2024-12-11T10:37:55.558+0000] {taskinstance.py:2889} INFO - Executing <Task(PythonOperator): check_api_online> on 2024-12-11 10:30:40.208041+00:00
[2024-12-11T10:37:55.570+0000] {warnings.py:112} WARNING - /home/***/.local/lib/python3.12/site-packages/***/task/task_runner/standard_task_runner.py:70: DeprecationWarning: This process (pid=1425) is multi-threaded, use of fork() may lead to deadlocks in the child.
  pid = os.fork()

[2024-12-11T10:37:55.574+0000] {standard_task_runner.py:72} INFO - Started process 1427 to run task
[2024-12-11T10:37:55.573+0000] {standard_task_runner.py:104} INFO - Running: ['***', 'tasks', 'run', 'weather_data_pipeline', 'check_api_online', 'manual__2024-12-11T10:30:40.208041+00:00', '--job-id', '138', '--raw', '--subdir', 'DAGS_FOLDER/portland_weather_data_pipeline.py', '--cfg-path', '/tmp/tmpz9i_hytz']
[2024-12-11T10:37:55.576+0000] {standard_task_runner.py:105} INFO - Job 138: Subtask check_api_online
[2024-12-11T10:37:55.703+0000] {task_command.py:467} INFO - Running <TaskInstance: weather_data_pipeline.check_api_online manual__2024-12-11T10:30:40.208041+00:00 [running]> on host 4ccd8b9315ad
[2024-12-11T10:37:56.560+0000] {taskinstance.py:3132} INFO - Exporting env vars: AIRFLOW_CTX_DAG_OWNER='***' AIRFLOW_CTX_DAG_ID='weather_data_pipeline' AIRFLOW_CTX_TASK_ID='check_api_online' AIRFLOW_CTX_EXECUTION_DATE='2024-12-11T10:30:40.208041+00:00' AIRFLOW_CTX_TRY_NUMBER='2' AIRFLOW_CTX_DAG_RUN_ID='manual__2024-12-11T10:30:40.208041+00:00'
[2024-12-11T10:37:56.563+0000] {logging_mixin.py:190} INFO - Task instance is in running state
[2024-12-11T10:37:56.563+0000] {logging_mixin.py:190} INFO -  Previous state of the Task instance: queued
[2024-12-11T10:37:56.564+0000] {logging_mixin.py:190} INFO - Current task name:check_api_online state:running start_date:2024-12-11 10:37:55.476054+00:00
[2024-12-11T10:37:56.565+0000] {logging_mixin.py:190} INFO - Dag name:weather_data_pipeline and current dag run status:running
[2024-12-11T10:37:56.566+0000] {taskinstance.py:731} INFO - ::endgroup::
[2024-12-11T10:37:57.097+0000] {logging_mixin.py:190} INFO - API is online.
[2024-12-11T10:37:57.100+0000] {python.py:240} INFO - Done. Returned value was: True
[2024-12-11T10:37:57.168+0000] {taskinstance.py:340} INFO - ::group::Post task execution logs
[2024-12-11T10:37:57.170+0000] {taskinstance.py:352} INFO - Marking task as SUCCESS. dag_id=weather_data_pipeline, task_id=check_api_online, run_id=manual__2024-12-11T10:30:40.208041+00:00, execution_date=20241211T103040, start_date=20241211T103755, end_date=20241211T103757
[2024-12-11T10:37:57.200+0000] {logging_mixin.py:190} INFO - Task instance in success state
[2024-12-11T10:37:57.202+0000] {logging_mixin.py:190} INFO -  Previous state of the Task instance: running
[2024-12-11T10:37:57.204+0000] {logging_mixin.py:190} INFO - Dag name:weather_data_pipeline queued_at:2024-12-11 10:37:02.752709+00:00
[2024-12-11T10:37:57.206+0000] {logging_mixin.py:190} INFO - Task hostname:4ccd8b9315ad operator:PythonOperator
[2024-12-11T10:37:57.308+0000] {local_task_job_runner.py:266} INFO - Task exited with return code 0
[2024-12-11T10:37:57.362+0000] {taskinstance.py:3895} INFO - 1 downstream tasks scheduled from follow-on schedule check
[2024-12-11T10:37:57.367+0000] {local_task_job_runner.py:245} INFO - ::endgroup::
