[2024-12-09T20:23:22.395+0000] {local_task_job_runner.py:123} INFO - ::group::Pre task execution logs
[2024-12-09T20:23:22.435+0000] {taskinstance.py:2613} INFO - Dependencies all met for dep_context=non-requeueable deps ti=<TaskInstance: weather_data_pipeline.transform_weather_data manual__2024-12-09T20:23:07.489363+00:00 [queued]>
[2024-12-09T20:23:22.452+0000] {taskinstance.py:2613} INFO - Dependencies all met for dep_context=requeueable deps ti=<TaskInstance: weather_data_pipeline.transform_weather_data manual__2024-12-09T20:23:07.489363+00:00 [queued]>
[2024-12-09T20:23:22.453+0000] {taskinstance.py:2866} INFO - Starting attempt 1 of 2
[2024-12-09T20:23:22.490+0000] {taskinstance.py:2889} INFO - Executing <Task(PythonOperator): transform_weather_data> on 2024-12-09 20:23:07.489363+00:00
[2024-12-09T20:23:22.504+0000] {warnings.py:112} WARNING - /home/***/.local/lib/python3.12/site-packages/***/task/task_runner/standard_task_runner.py:70: DeprecationWarning: This process (pid=712) is multi-threaded, use of fork() may lead to deadlocks in the child.
  pid = os.fork()

[2024-12-09T20:23:22.507+0000] {standard_task_runner.py:72} INFO - Started process 714 to run task
[2024-12-09T20:23:22.509+0000] {standard_task_runner.py:104} INFO - Running: ['***', 'tasks', 'run', 'weather_data_pipeline', 'transform_weather_data', 'manual__2024-12-09T20:23:07.489363+00:00', '--job-id', '91', '--raw', '--subdir', 'DAGS_FOLDER/portland_weather_data_pipeline.py', '--cfg-path', '/tmp/tmpe9fobndz']
[2024-12-09T20:23:22.511+0000] {standard_task_runner.py:105} INFO - Job 91: Subtask transform_weather_data
[2024-12-09T20:23:22.585+0000] {task_command.py:467} INFO - Running <TaskInstance: weather_data_pipeline.transform_weather_data manual__2024-12-09T20:23:07.489363+00:00 [running]> on host 4ccd8b9315ad
[2024-12-09T20:23:22.967+0000] {taskinstance.py:3132} INFO - Exporting env vars: AIRFLOW_CTX_DAG_OWNER='***' AIRFLOW_CTX_DAG_ID='weather_data_pipeline' AIRFLOW_CTX_TASK_ID='transform_weather_data' AIRFLOW_CTX_EXECUTION_DATE='2024-12-09T20:23:07.489363+00:00' AIRFLOW_CTX_TRY_NUMBER='1' AIRFLOW_CTX_DAG_RUN_ID='manual__2024-12-09T20:23:07.489363+00:00'
[2024-12-09T20:23:22.969+0000] {logging_mixin.py:190} INFO - Task instance is in running state
[2024-12-09T20:23:22.970+0000] {logging_mixin.py:190} INFO -  Previous state of the Task instance: queued
[2024-12-09T20:23:22.971+0000] {logging_mixin.py:190} INFO - Current task name:transform_weather_data state:running start_date:2024-12-09 20:23:22.436330+00:00
[2024-12-09T20:23:22.971+0000] {logging_mixin.py:190} INFO - Dag name:weather_data_pipeline and current dag run status:running
[2024-12-09T20:23:22.972+0000] {taskinstance.py:731} INFO - ::endgroup::
[2024-12-09T20:23:22.985+0000] {python.py:240} INFO - Done. Returned value was: {'city': 'Portland', 'temperature': 47.31800000000008, 'pressure': 1031, 'humidity': 87, 'timestamp': datetime.datetime(2024, 12, 9, 12, 20, 32), 'sunrise': datetime.datetime(2024, 12, 9, 7, 39, 41), 'sunset': datetime.datetime(2024, 12, 9, 16, 27, 17)}
[2024-12-09T20:23:23.017+0000] {taskinstance.py:340} INFO - ::group::Post task execution logs
[2024-12-09T20:23:23.019+0000] {taskinstance.py:352} INFO - Marking task as SUCCESS. dag_id=weather_data_pipeline, task_id=transform_weather_data, run_id=manual__2024-12-09T20:23:07.489363+00:00, execution_date=20241209T202307, start_date=20241209T202322, end_date=20241209T202323
[2024-12-09T20:23:23.061+0000] {logging_mixin.py:190} INFO - Task instance in success state
[2024-12-09T20:23:23.068+0000] {logging_mixin.py:190} INFO -  Previous state of the Task instance: running
[2024-12-09T20:23:23.076+0000] {logging_mixin.py:190} INFO - Dag name:weather_data_pipeline queued_at:2024-12-09 20:23:07.503231+00:00
[2024-12-09T20:23:23.085+0000] {logging_mixin.py:190} INFO - Task hostname:4ccd8b9315ad operator:PythonOperator
[2024-12-09T20:23:23.133+0000] {local_task_job_runner.py:266} INFO - Task exited with return code 0
[2024-12-09T20:23:23.181+0000] {taskinstance.py:3895} INFO - 1 downstream tasks scheduled from follow-on schedule check
[2024-12-09T20:23:23.186+0000] {local_task_job_runner.py:245} INFO - ::endgroup::
