[2024-12-11T07:49:52.651+0000] {local_task_job_runner.py:123} INFO - ::group::Pre task execution logs
[2024-12-11T07:49:52.887+0000] {taskinstance.py:2613} INFO - Dependencies all met for dep_context=non-requeueable deps ti=<TaskInstance: weather_data_pipeline.check_api_online_python scheduled__2024-12-10T00:00:00+00:00 [queued]>
[2024-12-11T07:49:52.972+0000] {taskinstance.py:2613} INFO - Dependencies all met for dep_context=requeueable deps ti=<TaskInstance: weather_data_pipeline.check_api_online_python scheduled__2024-12-10T00:00:00+00:00 [queued]>
[2024-12-11T07:49:52.974+0000] {taskinstance.py:2866} INFO - Starting attempt 2 of 2
[2024-12-11T07:49:53.097+0000] {taskinstance.py:2889} INFO - Executing <Task(PythonOperator): check_api_online_python> on 2024-12-10 00:00:00+00:00
[2024-12-11T07:49:53.331+0000] {warnings.py:112} WARNING - /home/***/.local/lib/python3.12/site-packages/***/task/task_runner/standard_task_runner.py:70: DeprecationWarning: This process (pid=12299) is multi-threaded, use of fork() may lead to deadlocks in the child.
  pid = os.fork()

[2024-12-11T07:49:53.355+0000] {standard_task_runner.py:72} INFO - Started process 12309 to run task
[2024-12-11T07:49:53.343+0000] {standard_task_runner.py:104} INFO - Running: ['***', 'tasks', 'run', 'weather_data_pipeline', 'check_api_online_python', 'scheduled__2024-12-10T00:00:00+00:00', '--job-id', '113', '--raw', '--subdir', 'DAGS_FOLDER/portland_weather_data_pipeline.py', '--cfg-path', '/tmp/tmpib35xvrl']
[2024-12-11T07:49:53.364+0000] {standard_task_runner.py:105} INFO - Job 113: Subtask check_api_online_python
[2024-12-11T07:49:53.747+0000] {task_command.py:467} INFO - Running <TaskInstance: weather_data_pipeline.check_api_online_python scheduled__2024-12-10T00:00:00+00:00 [running]> on host 4ccd8b9315ad
[2024-12-11T07:49:55.241+0000] {taskinstance.py:3132} INFO - Exporting env vars: AIRFLOW_CTX_DAG_OWNER='***' AIRFLOW_CTX_DAG_ID='weather_data_pipeline' AIRFLOW_CTX_TASK_ID='check_api_online_python' AIRFLOW_CTX_EXECUTION_DATE='2024-12-10T00:00:00+00:00' AIRFLOW_CTX_TRY_NUMBER='2' AIRFLOW_CTX_DAG_RUN_ID='scheduled__2024-12-10T00:00:00+00:00'
[2024-12-11T07:49:55.330+0000] {logging_mixin.py:190} INFO - Task instance is in running state
[2024-12-11T07:49:55.341+0000] {logging_mixin.py:190} INFO -  Previous state of the Task instance: queued
[2024-12-11T07:49:55.354+0000] {logging_mixin.py:190} INFO - Current task name:check_api_online_python state:running start_date:2024-12-11 07:49:52.944847+00:00
[2024-12-11T07:49:55.365+0000] {logging_mixin.py:190} INFO - Dag name:weather_data_pipeline and current dag run status:running
[2024-12-11T07:49:55.367+0000] {taskinstance.py:731} INFO - ::endgroup::
[2024-12-11T07:50:06.727+0000] {logging_mixin.py:190} INFO - API is online.
[2024-12-11T07:50:06.734+0000] {python.py:240} INFO - Done. Returned value was: True
[2024-12-11T07:50:07.079+0000] {taskinstance.py:340} INFO - ::group::Post task execution logs
[2024-12-11T07:50:07.090+0000] {taskinstance.py:352} INFO - Marking task as SUCCESS. dag_id=weather_data_pipeline, task_id=check_api_online_python, run_id=scheduled__2024-12-10T00:00:00+00:00, execution_date=20241210T000000, start_date=20241211T074952, end_date=20241211T075007
[2024-12-11T07:50:07.141+0000] {logging_mixin.py:190} INFO - Task instance in success state
[2024-12-11T07:50:07.147+0000] {logging_mixin.py:190} INFO -  Previous state of the Task instance: running
[2024-12-11T07:50:07.148+0000] {logging_mixin.py:190} INFO - Dag name:weather_data_pipeline queued_at:2024-12-11 07:47:09.044889+00:00
[2024-12-11T07:50:07.149+0000] {logging_mixin.py:190} INFO - Task hostname:4ccd8b9315ad operator:PythonOperator
[2024-12-11T07:50:07.268+0000] {local_task_job_runner.py:266} INFO - Task exited with return code 0
[2024-12-11T07:50:07.292+0000] {local_task_job_runner.py:245} INFO - ::endgroup::
