[2024-12-09T20:12:39.802+0000] {local_task_job_runner.py:123} INFO - ::group::Pre task execution logs
[2024-12-09T20:12:39.827+0000] {taskinstance.py:2613} INFO - Dependencies all met for dep_context=non-requeueable deps ti=<TaskInstance: weather_data_pipeline.check_api_online manual__2024-12-09T20:12:36.464960+00:00 [queued]>
[2024-12-09T20:12:39.838+0000] {taskinstance.py:2613} INFO - Dependencies all met for dep_context=requeueable deps ti=<TaskInstance: weather_data_pipeline.check_api_online manual__2024-12-09T20:12:36.464960+00:00 [queued]>
[2024-12-09T20:12:39.839+0000] {taskinstance.py:2866} INFO - Starting attempt 1 of 2
[2024-12-09T20:12:39.866+0000] {taskinstance.py:2889} INFO - Executing <Task(PythonOperator): check_api_online> on 2024-12-09 20:12:36.464960+00:00
[2024-12-09T20:12:39.875+0000] {warnings.py:112} WARNING - /home/***/.local/lib/python3.12/site-packages/***/task/task_runner/standard_task_runner.py:70: DeprecationWarning: This process (pid=539) is multi-threaded, use of fork() may lead to deadlocks in the child.
  pid = os.fork()

[2024-12-09T20:12:39.878+0000] {standard_task_runner.py:72} INFO - Started process 548 to run task
[2024-12-09T20:12:39.879+0000] {standard_task_runner.py:104} INFO - Running: ['***', 'tasks', 'run', 'weather_data_pipeline', 'check_api_online', 'manual__2024-12-09T20:12:36.464960+00:00', '--job-id', '79', '--raw', '--subdir', 'DAGS_FOLDER/portland_weather_data_pipeline.py', '--cfg-path', '/tmp/tmpz6066c8w']
[2024-12-09T20:12:39.881+0000] {standard_task_runner.py:105} INFO - Job 79: Subtask check_api_online
[2024-12-09T20:12:39.964+0000] {task_command.py:467} INFO - Running <TaskInstance: weather_data_pipeline.check_api_online manual__2024-12-09T20:12:36.464960+00:00 [running]> on host 4ccd8b9315ad
[2024-12-09T20:12:40.304+0000] {taskinstance.py:3132} INFO - Exporting env vars: AIRFLOW_CTX_DAG_OWNER='***' AIRFLOW_CTX_DAG_ID='weather_data_pipeline' AIRFLOW_CTX_TASK_ID='check_api_online' AIRFLOW_CTX_EXECUTION_DATE='2024-12-09T20:12:36.464960+00:00' AIRFLOW_CTX_TRY_NUMBER='1' AIRFLOW_CTX_DAG_RUN_ID='manual__2024-12-09T20:12:36.464960+00:00'
[2024-12-09T20:12:40.305+0000] {logging_mixin.py:190} INFO - Task instance is in running state
[2024-12-09T20:12:40.306+0000] {logging_mixin.py:190} INFO -  Previous state of the Task instance: queued
[2024-12-09T20:12:40.306+0000] {logging_mixin.py:190} INFO - Current task name:check_api_online state:running start_date:2024-12-09 20:12:39.828419+00:00
[2024-12-09T20:12:40.307+0000] {logging_mixin.py:190} INFO - Dag name:weather_data_pipeline and current dag run status:running
[2024-12-09T20:12:40.308+0000] {taskinstance.py:731} INFO - ::endgroup::
[2024-12-09T20:12:40.846+0000] {logging_mixin.py:190} INFO - API is online.
[2024-12-09T20:12:40.847+0000] {python.py:240} INFO - Done. Returned value was: True
[2024-12-09T20:12:40.876+0000] {taskinstance.py:340} INFO - ::group::Post task execution logs
[2024-12-09T20:12:40.878+0000] {taskinstance.py:352} INFO - Marking task as SUCCESS. dag_id=weather_data_pipeline, task_id=check_api_online, run_id=manual__2024-12-09T20:12:36.464960+00:00, execution_date=20241209T201236, start_date=20241209T201239, end_date=20241209T201240
[2024-12-09T20:12:40.900+0000] {logging_mixin.py:190} INFO - Task instance in success state
[2024-12-09T20:12:40.900+0000] {logging_mixin.py:190} INFO -  Previous state of the Task instance: running
[2024-12-09T20:12:40.901+0000] {logging_mixin.py:190} INFO - Dag name:weather_data_pipeline queued_at:2024-12-09 20:12:36.475813+00:00
[2024-12-09T20:12:40.902+0000] {logging_mixin.py:190} INFO - Task hostname:4ccd8b9315ad operator:PythonOperator
[2024-12-09T20:12:40.939+0000] {local_task_job_runner.py:266} INFO - Task exited with return code 0
[2024-12-09T20:12:40.954+0000] {local_task_job_runner.py:245} INFO - ::endgroup::
