[2024-12-09T20:23:11.761+0000] {local_task_job_runner.py:123} INFO - ::group::Pre task execution logs
[2024-12-09T20:23:11.786+0000] {taskinstance.py:2613} INFO - Dependencies all met for dep_context=non-requeueable deps ti=<TaskInstance: weather_data_pipeline.check_api_online manual__2024-12-09T20:23:07.489363+00:00 [queued]>
[2024-12-09T20:23:11.800+0000] {taskinstance.py:2613} INFO - Dependencies all met for dep_context=requeueable deps ti=<TaskInstance: weather_data_pipeline.check_api_online manual__2024-12-09T20:23:07.489363+00:00 [queued]>
[2024-12-09T20:23:11.802+0000] {taskinstance.py:2866} INFO - Starting attempt 1 of 2
[2024-12-09T20:23:11.822+0000] {taskinstance.py:2889} INFO - Executing <Task(PythonOperator): check_api_online> on 2024-12-09 20:23:07.489363+00:00
[2024-12-09T20:23:11.831+0000] {warnings.py:112} WARNING - /home/***/.local/lib/python3.12/site-packages/***/task/task_runner/standard_task_runner.py:70: DeprecationWarning: This process (pid=697) is multi-threaded, use of fork() may lead to deadlocks in the child.
  pid = os.fork()

[2024-12-09T20:23:11.833+0000] {standard_task_runner.py:72} INFO - Started process 699 to run task
[2024-12-09T20:23:11.834+0000] {standard_task_runner.py:104} INFO - Running: ['***', 'tasks', 'run', 'weather_data_pipeline', 'check_api_online', 'manual__2024-12-09T20:23:07.489363+00:00', '--job-id', '89', '--raw', '--subdir', 'DAGS_FOLDER/portland_weather_data_pipeline.py', '--cfg-path', '/tmp/tmpvp1ryfn1']
[2024-12-09T20:23:11.836+0000] {standard_task_runner.py:105} INFO - Job 89: Subtask check_api_online
[2024-12-09T20:23:11.916+0000] {task_command.py:467} INFO - Running <TaskInstance: weather_data_pipeline.check_api_online manual__2024-12-09T20:23:07.489363+00:00 [running]> on host 4ccd8b9315ad
[2024-12-09T20:23:12.362+0000] {taskinstance.py:3132} INFO - Exporting env vars: AIRFLOW_CTX_DAG_OWNER='***' AIRFLOW_CTX_DAG_ID='weather_data_pipeline' AIRFLOW_CTX_TASK_ID='check_api_online' AIRFLOW_CTX_EXECUTION_DATE='2024-12-09T20:23:07.489363+00:00' AIRFLOW_CTX_TRY_NUMBER='1' AIRFLOW_CTX_DAG_RUN_ID='manual__2024-12-09T20:23:07.489363+00:00'
[2024-12-09T20:23:12.364+0000] {logging_mixin.py:190} INFO - Task instance is in running state
[2024-12-09T20:23:12.365+0000] {logging_mixin.py:190} INFO -  Previous state of the Task instance: queued
[2024-12-09T20:23:12.366+0000] {logging_mixin.py:190} INFO - Current task name:check_api_online state:running start_date:2024-12-09 20:23:11.786864+00:00
[2024-12-09T20:23:12.366+0000] {logging_mixin.py:190} INFO - Dag name:weather_data_pipeline and current dag run status:running
[2024-12-09T20:23:12.367+0000] {taskinstance.py:731} INFO - ::endgroup::
[2024-12-09T20:23:12.980+0000] {logging_mixin.py:190} INFO - API is online.
[2024-12-09T20:23:12.981+0000] {python.py:240} INFO - Done. Returned value was: True
[2024-12-09T20:23:13.011+0000] {taskinstance.py:340} INFO - ::group::Post task execution logs
[2024-12-09T20:23:13.012+0000] {taskinstance.py:352} INFO - Marking task as SUCCESS. dag_id=weather_data_pipeline, task_id=check_api_online, run_id=manual__2024-12-09T20:23:07.489363+00:00, execution_date=20241209T202307, start_date=20241209T202311, end_date=20241209T202313
[2024-12-09T20:23:13.026+0000] {logging_mixin.py:190} INFO - Task instance in success state
[2024-12-09T20:23:13.027+0000] {logging_mixin.py:190} INFO -  Previous state of the Task instance: running
[2024-12-09T20:23:13.028+0000] {logging_mixin.py:190} INFO - Dag name:weather_data_pipeline queued_at:2024-12-09 20:23:07.503231+00:00
[2024-12-09T20:23:13.028+0000] {logging_mixin.py:190} INFO - Task hostname:4ccd8b9315ad operator:PythonOperator
[2024-12-09T20:23:13.093+0000] {local_task_job_runner.py:266} INFO - Task exited with return code 0
[2024-12-09T20:23:13.159+0000] {taskinstance.py:3895} INFO - 1 downstream tasks scheduled from follow-on schedule check
[2024-12-09T20:23:13.166+0000] {local_task_job_runner.py:245} INFO - ::endgroup::
