[2024-12-10T07:41:51.581+0000] {local_task_job_runner.py:123} INFO - ::group::Pre task execution logs
[2024-12-10T07:41:51.675+0000] {taskinstance.py:2613} INFO - Dependencies all met for dep_context=non-requeueable deps ti=<TaskInstance: weather_data_pipeline.fetch_weather_data scheduled__2024-12-09T00:00:00+00:00 [queued]>
[2024-12-10T07:41:51.723+0000] {taskinstance.py:2613} INFO - Dependencies all met for dep_context=requeueable deps ti=<TaskInstance: weather_data_pipeline.fetch_weather_data scheduled__2024-12-09T00:00:00+00:00 [queued]>
[2024-12-10T07:41:51.810+0000] {taskinstance.py:2866} INFO - Starting attempt 1 of 2
[2024-12-10T07:41:51.975+0000] {taskinstance.py:2889} INFO - Executing <Task(PythonOperator): fetch_weather_data> on 2024-12-09 00:00:00+00:00
[2024-12-10T07:41:52.101+0000] {warnings.py:112} WARNING - /home/***/.local/lib/python3.12/site-packages/***/task/task_runner/standard_task_runner.py:70: DeprecationWarning: This process (pid=2722) is multi-threaded, use of fork() may lead to deadlocks in the child.
  pid = os.fork()

[2024-12-10T07:41:52.137+0000] {standard_task_runner.py:72} INFO - Started process 2730 to run task
[2024-12-10T07:41:52.110+0000] {standard_task_runner.py:104} INFO - Running: ['***', 'tasks', 'run', 'weather_data_pipeline', 'fetch_weather_data', 'scheduled__2024-12-09T00:00:00+00:00', '--job-id', '101', '--raw', '--subdir', 'DAGS_FOLDER/portland_weather_data_pipeline.py', '--cfg-path', '/tmp/tmpmtxnm8u3']
[2024-12-10T07:41:52.175+0000] {standard_task_runner.py:105} INFO - Job 101: Subtask fetch_weather_data
[2024-12-10T07:41:52.507+0000] {task_command.py:467} INFO - Running <TaskInstance: weather_data_pipeline.fetch_weather_data scheduled__2024-12-09T00:00:00+00:00 [running]> on host 4ccd8b9315ad
[2024-12-10T07:41:54.489+0000] {taskinstance.py:3132} INFO - Exporting env vars: AIRFLOW_CTX_DAG_OWNER='***' AIRFLOW_CTX_DAG_ID='weather_data_pipeline' AIRFLOW_CTX_TASK_ID='fetch_weather_data' AIRFLOW_CTX_EXECUTION_DATE='2024-12-09T00:00:00+00:00' AIRFLOW_CTX_TRY_NUMBER='1' AIRFLOW_CTX_DAG_RUN_ID='scheduled__2024-12-09T00:00:00+00:00'
[2024-12-10T07:41:54.613+0000] {logging_mixin.py:190} INFO - Task instance is in running state
[2024-12-10T07:41:54.669+0000] {logging_mixin.py:190} INFO -  Previous state of the Task instance: queued
[2024-12-10T07:41:54.683+0000] {logging_mixin.py:190} INFO - Current task name:fetch_weather_data state:running start_date:2024-12-10 07:41:51.684488+00:00
[2024-12-10T07:41:54.684+0000] {logging_mixin.py:190} INFO - Dag name:weather_data_pipeline and current dag run status:running
[2024-12-10T07:41:54.684+0000] {taskinstance.py:731} INFO - ::endgroup::
[2024-12-10T07:41:56.862+0000] {python.py:240} INFO - Done. Returned value was: {'coord': {'lon': -122.6762, 'lat': 45.5234}, 'weather': [{'id': 741, 'main': 'Fog', 'description': 'fog', 'icon': '50n'}], 'base': 'stations', 'main': {'temp': 275.95, 'feels_like': 275.95, 'temp_min': 273.9, 'temp_max': 277.56, 'pressure': 1031, 'humidity': 94, 'sea_level': 1031, 'grnd_level': 1020}, 'visibility': 402, 'wind': {'speed': 0.89, 'deg': 352, 'gust': 2.24}, 'clouds': {'all': 100}, 'dt': 1733816498, 'sys': {'type': 2, 'id': 2008548, 'country': 'US', 'sunrise': 1733758781, 'sunset': 1733790437}, 'timezone': -28800, 'id': 5746545, 'name': 'Portland', 'cod': 200}
[2024-12-10T07:41:57.044+0000] {taskinstance.py:340} INFO - ::group::Post task execution logs
[2024-12-10T07:41:57.063+0000] {taskinstance.py:352} INFO - Marking task as SUCCESS. dag_id=weather_data_pipeline, task_id=fetch_weather_data, run_id=scheduled__2024-12-09T00:00:00+00:00, execution_date=20241209T000000, start_date=20241210T074151, end_date=20241210T074157
[2024-12-10T07:41:57.137+0000] {logging_mixin.py:190} INFO - Task instance in success state
[2024-12-10T07:41:57.141+0000] {logging_mixin.py:190} INFO -  Previous state of the Task instance: running
[2024-12-10T07:41:57.145+0000] {logging_mixin.py:190} INFO - Dag name:weather_data_pipeline queued_at:2024-12-10 00:23:42.697892+00:00
[2024-12-10T07:41:57.149+0000] {logging_mixin.py:190} INFO - Task hostname:4ccd8b9315ad operator:PythonOperator
[2024-12-10T07:41:57.363+0000] {local_task_job_runner.py:266} INFO - Task exited with return code 0
[2024-12-10T07:41:57.498+0000] {taskinstance.py:3895} INFO - 1 downstream tasks scheduled from follow-on schedule check
[2024-12-10T07:41:57.540+0000] {local_task_job_runner.py:245} INFO - ::endgroup::
