[2024-12-09T16:06:47.869+0000] {local_task_job_runner.py:123} INFO - ::group::Pre task execution logs
[2024-12-09T16:06:47.897+0000] {taskinstance.py:2613} INFO - Dependencies all met for dep_context=non-requeueable deps ti=<TaskInstance: weather_data_pipeline.transform_weather_data scheduled__2024-12-08T00:00:00+00:00 [queued]>
[2024-12-09T16:06:47.907+0000] {taskinstance.py:2613} INFO - Dependencies all met for dep_context=requeueable deps ti=<TaskInstance: weather_data_pipeline.transform_weather_data scheduled__2024-12-08T00:00:00+00:00 [queued]>
[2024-12-09T16:06:47.908+0000] {taskinstance.py:2866} INFO - Starting attempt 1 of 2
[2024-12-09T16:06:47.924+0000] {taskinstance.py:2889} INFO - Executing <Task(PythonOperator): transform_weather_data> on 2024-12-08 00:00:00+00:00
[2024-12-09T16:06:47.931+0000] {warnings.py:112} WARNING - /home/***/.local/lib/python3.12/site-packages/***/task/task_runner/standard_task_runner.py:70: DeprecationWarning: This process (pid=5333) is multi-threaded, use of fork() may lead to deadlocks in the child.
  pid = os.fork()

[2024-12-09T16:06:47.933+0000] {standard_task_runner.py:72} INFO - Started process 5335 to run task
[2024-12-09T16:06:47.933+0000] {standard_task_runner.py:104} INFO - Running: ['***', 'tasks', 'run', 'weather_data_pipeline', 'transform_weather_data', 'scheduled__2024-12-08T00:00:00+00:00', '--job-id', '7', '--raw', '--subdir', 'DAGS_FOLDER/portland_weather_data_pipeline.py', '--cfg-path', '/tmp/tmpe4wtyjlo']
[2024-12-09T16:06:47.935+0000] {standard_task_runner.py:105} INFO - Job 7: Subtask transform_weather_data
[2024-12-09T16:06:48.018+0000] {task_command.py:467} INFO - Running <TaskInstance: weather_data_pipeline.transform_weather_data scheduled__2024-12-08T00:00:00+00:00 [running]> on host 4ccd8b9315ad
[2024-12-09T16:06:48.365+0000] {taskinstance.py:3132} INFO - Exporting env vars: AIRFLOW_CTX_DAG_OWNER='***' AIRFLOW_CTX_DAG_ID='weather_data_pipeline' AIRFLOW_CTX_TASK_ID='transform_weather_data' AIRFLOW_CTX_EXECUTION_DATE='2024-12-08T00:00:00+00:00' AIRFLOW_CTX_TRY_NUMBER='1' AIRFLOW_CTX_DAG_RUN_ID='scheduled__2024-12-08T00:00:00+00:00'
[2024-12-09T16:06:48.367+0000] {logging_mixin.py:190} INFO - Task instance is in running state
[2024-12-09T16:06:48.368+0000] {logging_mixin.py:190} INFO -  Previous state of the Task instance: queued
[2024-12-09T16:06:48.369+0000] {logging_mixin.py:190} INFO - Current task name:transform_weather_data state:running start_date:2024-12-09 16:06:47.898425+00:00
[2024-12-09T16:06:48.370+0000] {logging_mixin.py:190} INFO - Dag name:weather_data_pipeline and current dag run status:running
[2024-12-09T16:06:48.370+0000] {taskinstance.py:731} INFO - ::endgroup::
[2024-12-09T16:06:48.388+0000] {python.py:240} INFO - Done. Returned value was: {'city': 'Portland', 'temperature': 42.47600000000009, 'pressure': 1031, 'humidity': 96, 'timestamp': datetime.datetime(2024, 12, 9, 8, 6, 40), 'sunrise': datetime.datetime(2024, 12, 9, 7, 39, 41), 'sunset': datetime.datetime(2024, 12, 9, 16, 27, 17)}
[2024-12-09T16:06:48.419+0000] {taskinstance.py:340} INFO - ::group::Post task execution logs
[2024-12-09T16:06:48.420+0000] {taskinstance.py:352} INFO - Marking task as SUCCESS. dag_id=weather_data_pipeline, task_id=transform_weather_data, run_id=scheduled__2024-12-08T00:00:00+00:00, execution_date=20241208T000000, start_date=20241209T160647, end_date=20241209T160648
[2024-12-09T16:06:48.435+0000] {logging_mixin.py:190} INFO - Task instance in success state
[2024-12-09T16:06:48.436+0000] {logging_mixin.py:190} INFO -  Previous state of the Task instance: running
[2024-12-09T16:06:48.436+0000] {logging_mixin.py:190} INFO - Dag name:weather_data_pipeline queued_at:2024-12-09 16:06:30.104826+00:00
[2024-12-09T16:06:48.437+0000] {logging_mixin.py:190} INFO - Task hostname:4ccd8b9315ad operator:PythonOperator
[2024-12-09T16:06:48.470+0000] {local_task_job_runner.py:266} INFO - Task exited with return code 0
[2024-12-09T16:06:48.493+0000] {taskinstance.py:3895} INFO - 1 downstream tasks scheduled from follow-on schedule check
[2024-12-09T16:06:48.496+0000] {local_task_job_runner.py:245} INFO - ::endgroup::
[2024-12-09T20:06:58.323+0000] {local_task_job_runner.py:123} INFO - ::group::Pre task execution logs
[2024-12-09T20:06:58.352+0000] {taskinstance.py:2613} INFO - Dependencies all met for dep_context=non-requeueable deps ti=<TaskInstance: weather_data_pipeline.transform_weather_data scheduled__2024-12-08T00:00:00+00:00 [queued]>
[2024-12-09T20:06:58.368+0000] {taskinstance.py:2613} INFO - Dependencies all met for dep_context=requeueable deps ti=<TaskInstance: weather_data_pipeline.transform_weather_data scheduled__2024-12-08T00:00:00+00:00 [queued]>
[2024-12-09T20:06:58.369+0000] {taskinstance.py:2866} INFO - Starting attempt 1 of 2
[2024-12-09T20:06:58.398+0000] {taskinstance.py:2889} INFO - Executing <Task(PythonOperator): transform_weather_data> on 2024-12-08 00:00:00+00:00
[2024-12-09T20:06:58.407+0000] {warnings.py:112} WARNING - /home/***/.local/lib/python3.12/site-packages/***/task/task_runner/standard_task_runner.py:70: DeprecationWarning: This process (pid=443) is multi-threaded, use of fork() may lead to deadlocks in the child.
  pid = os.fork()

[2024-12-09T20:06:58.411+0000] {standard_task_runner.py:104} INFO - Running: ['***', 'tasks', 'run', 'weather_data_pipeline', 'transform_weather_data', 'scheduled__2024-12-08T00:00:00+00:00', '--job-id', '72', '--raw', '--subdir', 'DAGS_FOLDER/portland_weather_data_pipeline.py', '--cfg-path', '/tmp/tmp1lckrg3_']
[2024-12-09T20:06:58.413+0000] {standard_task_runner.py:105} INFO - Job 72: Subtask transform_weather_data
[2024-12-09T20:06:58.413+0000] {standard_task_runner.py:72} INFO - Started process 448 to run task
[2024-12-09T20:06:58.498+0000] {task_command.py:467} INFO - Running <TaskInstance: weather_data_pipeline.transform_weather_data scheduled__2024-12-08T00:00:00+00:00 [running]> on host 4ccd8b9315ad
[2024-12-09T20:06:58.694+0000] {taskinstance.py:3132} INFO - Exporting env vars: AIRFLOW_CTX_DAG_OWNER='***' AIRFLOW_CTX_DAG_ID='weather_data_pipeline' AIRFLOW_CTX_TASK_ID='transform_weather_data' AIRFLOW_CTX_EXECUTION_DATE='2024-12-08T00:00:00+00:00' AIRFLOW_CTX_TRY_NUMBER='1' AIRFLOW_CTX_DAG_RUN_ID='scheduled__2024-12-08T00:00:00+00:00'
[2024-12-09T20:06:58.699+0000] {logging_mixin.py:190} INFO - Task instance is in running state
[2024-12-09T20:06:58.702+0000] {logging_mixin.py:190} INFO -  Previous state of the Task instance: queued
[2024-12-09T20:06:58.703+0000] {logging_mixin.py:190} INFO - Current task name:transform_weather_data state:running start_date:2024-12-09 20:06:58.354007+00:00
[2024-12-09T20:06:58.704+0000] {logging_mixin.py:190} INFO - Dag name:weather_data_pipeline and current dag run status:running
[2024-12-09T20:06:58.705+0000] {taskinstance.py:731} INFO - ::endgroup::
[2024-12-09T20:06:58.737+0000] {python.py:240} INFO - Done. Returned value was: {'city': 'Portland', 'temperature': 47.01200000000006, 'pressure': 1031, 'humidity': 88, 'timestamp': datetime.datetime(2024, 12, 9, 12, 6, 5), 'sunrise': datetime.datetime(2024, 12, 9, 7, 39, 41), 'sunset': datetime.datetime(2024, 12, 9, 16, 27, 17)}
[2024-12-09T20:06:58.794+0000] {taskinstance.py:340} INFO - ::group::Post task execution logs
[2024-12-09T20:06:58.796+0000] {taskinstance.py:352} INFO - Marking task as SUCCESS. dag_id=weather_data_pipeline, task_id=transform_weather_data, run_id=scheduled__2024-12-08T00:00:00+00:00, execution_date=20241208T000000, start_date=20241209T200658, end_date=20241209T200658
[2024-12-09T20:06:58.821+0000] {logging_mixin.py:190} INFO - Task instance in success state
[2024-12-09T20:06:58.822+0000] {logging_mixin.py:190} INFO -  Previous state of the Task instance: running
[2024-12-09T20:06:58.823+0000] {logging_mixin.py:190} INFO - Dag name:weather_data_pipeline queued_at:2024-12-09 20:06:41.678333+00:00
[2024-12-09T20:06:58.824+0000] {logging_mixin.py:190} INFO - Task hostname:4ccd8b9315ad operator:PythonOperator
[2024-12-09T20:06:58.911+0000] {local_task_job_runner.py:266} INFO - Task exited with return code 0
[2024-12-09T20:06:58.951+0000] {taskinstance.py:3895} INFO - 1 downstream tasks scheduled from follow-on schedule check
[2024-12-09T20:06:58.960+0000] {local_task_job_runner.py:245} INFO - ::endgroup::
[2024-12-09T20:13:15.310+0000] {local_task_job_runner.py:123} INFO - ::group::Pre task execution logs
[2024-12-09T20:13:15.339+0000] {taskinstance.py:2613} INFO - Dependencies all met for dep_context=non-requeueable deps ti=<TaskInstance: weather_data_pipeline.transform_weather_data scheduled__2024-12-08T00:00:00+00:00 [queued]>
[2024-12-09T20:13:15.355+0000] {taskinstance.py:2613} INFO - Dependencies all met for dep_context=requeueable deps ti=<TaskInstance: weather_data_pipeline.transform_weather_data scheduled__2024-12-08T00:00:00+00:00 [queued]>
[2024-12-09T20:13:15.356+0000] {taskinstance.py:2866} INFO - Starting attempt 1 of 2
[2024-12-09T20:13:15.382+0000] {taskinstance.py:2889} INFO - Executing <Task(PythonOperator): transform_weather_data> on 2024-12-08 00:00:00+00:00
[2024-12-09T20:13:15.393+0000] {warnings.py:112} WARNING - /home/***/.local/lib/python3.12/site-packages/***/task/task_runner/standard_task_runner.py:70: DeprecationWarning: This process (pid=570) is multi-threaded, use of fork() may lead to deadlocks in the child.
  pid = os.fork()

[2024-12-09T20:13:15.396+0000] {standard_task_runner.py:72} INFO - Started process 579 to run task
[2024-12-09T20:13:15.398+0000] {standard_task_runner.py:104} INFO - Running: ['***', 'tasks', 'run', 'weather_data_pipeline', 'transform_weather_data', 'scheduled__2024-12-08T00:00:00+00:00', '--job-id', '85', '--raw', '--subdir', 'DAGS_FOLDER/portland_weather_data_pipeline.py', '--cfg-path', '/tmp/tmpdgw6pv6c']
[2024-12-09T20:13:15.400+0000] {standard_task_runner.py:105} INFO - Job 85: Subtask transform_weather_data
[2024-12-09T20:13:15.508+0000] {task_command.py:467} INFO - Running <TaskInstance: weather_data_pipeline.transform_weather_data scheduled__2024-12-08T00:00:00+00:00 [running]> on host 4ccd8b9315ad
[2024-12-09T20:13:16.030+0000] {taskinstance.py:3132} INFO - Exporting env vars: AIRFLOW_CTX_DAG_OWNER='***' AIRFLOW_CTX_DAG_ID='weather_data_pipeline' AIRFLOW_CTX_TASK_ID='transform_weather_data' AIRFLOW_CTX_EXECUTION_DATE='2024-12-08T00:00:00+00:00' AIRFLOW_CTX_TRY_NUMBER='1' AIRFLOW_CTX_DAG_RUN_ID='scheduled__2024-12-08T00:00:00+00:00'
[2024-12-09T20:13:16.033+0000] {logging_mixin.py:190} INFO - Task instance is in running state
[2024-12-09T20:13:16.034+0000] {logging_mixin.py:190} INFO -  Previous state of the Task instance: queued
[2024-12-09T20:13:16.035+0000] {logging_mixin.py:190} INFO - Current task name:transform_weather_data state:running start_date:2024-12-09 20:13:15.340428+00:00
[2024-12-09T20:13:16.036+0000] {logging_mixin.py:190} INFO - Dag name:weather_data_pipeline and current dag run status:running
[2024-12-09T20:13:16.036+0000] {taskinstance.py:731} INFO - ::endgroup::
[2024-12-09T20:13:16.051+0000] {python.py:240} INFO - Done. Returned value was: {'city': 'Portland', 'temperature': 47.01200000000006, 'pressure': 1031, 'humidity': 88, 'timestamp': datetime.datetime(2024, 12, 9, 12, 12, 40), 'sunrise': datetime.datetime(2024, 12, 9, 7, 39, 41), 'sunset': datetime.datetime(2024, 12, 9, 16, 27, 17)}
[2024-12-09T20:13:16.086+0000] {taskinstance.py:340} INFO - ::group::Post task execution logs
[2024-12-09T20:13:16.087+0000] {taskinstance.py:352} INFO - Marking task as SUCCESS. dag_id=weather_data_pipeline, task_id=transform_weather_data, run_id=scheduled__2024-12-08T00:00:00+00:00, execution_date=20241208T000000, start_date=20241209T201315, end_date=20241209T201316
[2024-12-09T20:13:16.106+0000] {logging_mixin.py:190} INFO - Task instance in success state
[2024-12-09T20:13:16.107+0000] {logging_mixin.py:190} INFO -  Previous state of the Task instance: running
[2024-12-09T20:13:16.108+0000] {logging_mixin.py:190} INFO - Dag name:weather_data_pipeline queued_at:2024-12-09 20:13:03.667018+00:00
[2024-12-09T20:13:16.108+0000] {logging_mixin.py:190} INFO - Task hostname:4ccd8b9315ad operator:PythonOperator
[2024-12-09T20:13:16.178+0000] {local_task_job_runner.py:266} INFO - Task exited with return code 0
[2024-12-09T20:13:16.210+0000] {taskinstance.py:3895} INFO - 1 downstream tasks scheduled from follow-on schedule check
[2024-12-09T20:13:16.214+0000] {local_task_job_runner.py:245} INFO - ::endgroup::
