[2024-12-11T07:49:52.032+0000] {local_task_job_runner.py:123} INFO - ::group::Pre task execution logs
[2024-12-11T07:49:52.134+0000] {taskinstance.py:2613} INFO - Dependencies all met for dep_context=non-requeueable deps ti=<TaskInstance: weather_data_pipeline.fetch_weather_data_python scheduled__2024-12-10T00:00:00+00:00 [queued]>
[2024-12-11T07:49:52.192+0000] {taskinstance.py:2613} INFO - Dependencies all met for dep_context=requeueable deps ti=<TaskInstance: weather_data_pipeline.fetch_weather_data_python scheduled__2024-12-10T00:00:00+00:00 [queued]>
[2024-12-11T07:49:52.193+0000] {taskinstance.py:2866} INFO - Starting attempt 2 of 2
[2024-12-11T07:49:52.359+0000] {taskinstance.py:2889} INFO - Executing <Task(PythonOperator): fetch_weather_data_python> on 2024-12-10 00:00:00+00:00
[2024-12-11T07:49:52.510+0000] {standard_task_runner.py:104} INFO - Running: ['***', 'tasks', 'run', 'weather_data_pipeline', 'fetch_weather_data_python', 'scheduled__2024-12-10T00:00:00+00:00', '--job-id', '111', '--raw', '--subdir', 'DAGS_FOLDER/portland_weather_data_pipeline.py', '--cfg-path', '/tmp/tmp2grvjzpa']
[2024-12-11T07:49:52.451+0000] {warnings.py:112} WARNING - /home/***/.local/lib/python3.12/site-packages/***/task/task_runner/standard_task_runner.py:70: DeprecationWarning: This process (pid=12300) is multi-threaded, use of fork() may lead to deadlocks in the child.
  pid = os.fork()

[2024-12-11T07:49:52.657+0000] {standard_task_runner.py:105} INFO - Job 111: Subtask fetch_weather_data_python
[2024-12-11T07:49:52.673+0000] {standard_task_runner.py:72} INFO - Started process 12305 to run task
[2024-12-11T07:49:53.330+0000] {task_command.py:467} INFO - Running <TaskInstance: weather_data_pipeline.fetch_weather_data_python scheduled__2024-12-10T00:00:00+00:00 [running]> on host 4ccd8b9315ad
[2024-12-11T07:49:54.797+0000] {taskinstance.py:3132} INFO - Exporting env vars: AIRFLOW_CTX_DAG_OWNER='***' AIRFLOW_CTX_DAG_ID='weather_data_pipeline' AIRFLOW_CTX_TASK_ID='fetch_weather_data_python' AIRFLOW_CTX_EXECUTION_DATE='2024-12-10T00:00:00+00:00' AIRFLOW_CTX_TRY_NUMBER='2' AIRFLOW_CTX_DAG_RUN_ID='scheduled__2024-12-10T00:00:00+00:00'
[2024-12-11T07:49:54.824+0000] {logging_mixin.py:190} INFO - Task instance is in running state
[2024-12-11T07:49:54.852+0000] {logging_mixin.py:190} INFO -  Previous state of the Task instance: queued
[2024-12-11T07:49:54.888+0000] {logging_mixin.py:190} INFO - Current task name:fetch_weather_data_python state:running start_date:2024-12-11 07:49:52.143637+00:00
[2024-12-11T07:49:54.955+0000] {logging_mixin.py:190} INFO - Dag name:weather_data_pipeline and current dag run status:running
[2024-12-11T07:49:54.986+0000] {taskinstance.py:731} INFO - ::endgroup::
[2024-12-11T07:50:06.693+0000] {python.py:240} INFO - Done. Returned value was: {'coord': {'lon': -122.6762, 'lat': 45.5234}, 'weather': [{'id': 800, 'main': 'Clear', 'description': 'clear sky', 'icon': '01n'}], 'base': 'stations', 'main': {'temp': 275.8, 'feels_like': 272.11, 'temp_min': 274.46, 'temp_max': 277.06, 'pressure': 1024, 'humidity': 87, 'sea_level': 1024, 'grnd_level': 1013}, 'visibility': 10000, 'wind': {'speed': 4.02, 'deg': 33, 'gust': 6.26}, 'clouds': {'all': 0}, 'dt': 1733903407, 'sys': {'type': 2, 'id': 2013569, 'country': 'US', 'sunrise': 1733845235, 'sunset': 1733876836}, 'timezone': -28800, 'id': 5746545, 'name': 'Portland', 'cod': 200}
[2024-12-11T07:50:06.786+0000] {taskinstance.py:340} INFO - ::group::Post task execution logs
[2024-12-11T07:50:06.994+0000] {taskinstance.py:352} INFO - Marking task as SUCCESS. dag_id=weather_data_pipeline, task_id=fetch_weather_data_python, run_id=scheduled__2024-12-10T00:00:00+00:00, execution_date=20241210T000000, start_date=20241211T074952, end_date=20241211T075006
[2024-12-11T07:50:07.085+0000] {logging_mixin.py:190} INFO - Task instance in success state
[2024-12-11T07:50:07.089+0000] {logging_mixin.py:190} INFO -  Previous state of the Task instance: running
[2024-12-11T07:50:07.093+0000] {logging_mixin.py:190} INFO - Dag name:weather_data_pipeline queued_at:2024-12-11 07:47:09.044889+00:00
[2024-12-11T07:50:07.115+0000] {logging_mixin.py:190} INFO - Task hostname:4ccd8b9315ad operator:PythonOperator
[2024-12-11T07:50:07.231+0000] {local_task_job_runner.py:266} INFO - Task exited with return code 0
[2024-12-11T07:50:07.305+0000] {taskinstance.py:3895} INFO - 0 downstream tasks scheduled from follow-on schedule check
[2024-12-11T07:50:07.320+0000] {local_task_job_runner.py:245} INFO - ::endgroup::
