[2024-12-10T07:42:09.103+0000] {local_task_job_runner.py:123} INFO - ::group::Pre task execution logs
[2024-12-10T07:42:09.210+0000] {taskinstance.py:2613} INFO - Dependencies all met for dep_context=non-requeueable deps ti=<TaskInstance: weather_data_pipeline.transform_weather_data scheduled__2024-12-09T00:00:00+00:00 [queued]>
[2024-12-10T07:42:09.310+0000] {taskinstance.py:2613} INFO - Dependencies all met for dep_context=requeueable deps ti=<TaskInstance: weather_data_pipeline.transform_weather_data scheduled__2024-12-09T00:00:00+00:00 [queued]>
[2024-12-10T07:42:09.322+0000] {taskinstance.py:2866} INFO - Starting attempt 1 of 2
[2024-12-10T07:42:09.470+0000] {taskinstance.py:2889} INFO - Executing <Task(PythonOperator): transform_weather_data> on 2024-12-09 00:00:00+00:00
[2024-12-10T07:42:09.491+0000] {warnings.py:112} WARNING - /home/***/.local/lib/python3.12/site-packages/***/task/task_runner/standard_task_runner.py:70: DeprecationWarning: This process (pid=2732) is multi-threaded, use of fork() may lead to deadlocks in the child.
  pid = os.fork()

[2024-12-10T07:42:09.494+0000] {standard_task_runner.py:72} INFO - Started process 2734 to run task
[2024-12-10T07:42:09.495+0000] {standard_task_runner.py:104} INFO - Running: ['***', 'tasks', 'run', 'weather_data_pipeline', 'transform_weather_data', 'scheduled__2024-12-09T00:00:00+00:00', '--job-id', '102', '--raw', '--subdir', 'DAGS_FOLDER/portland_weather_data_pipeline.py', '--cfg-path', '/tmp/tmp7wqa4aax']
[2024-12-10T07:42:09.498+0000] {standard_task_runner.py:105} INFO - Job 102: Subtask transform_weather_data
[2024-12-10T07:42:09.703+0000] {task_command.py:467} INFO - Running <TaskInstance: weather_data_pipeline.transform_weather_data scheduled__2024-12-09T00:00:00+00:00 [running]> on host 4ccd8b9315ad
[2024-12-10T07:42:11.454+0000] {taskinstance.py:3132} INFO - Exporting env vars: AIRFLOW_CTX_DAG_OWNER='***' AIRFLOW_CTX_DAG_ID='weather_data_pipeline' AIRFLOW_CTX_TASK_ID='transform_weather_data' AIRFLOW_CTX_EXECUTION_DATE='2024-12-09T00:00:00+00:00' AIRFLOW_CTX_TRY_NUMBER='1' AIRFLOW_CTX_DAG_RUN_ID='scheduled__2024-12-09T00:00:00+00:00'
[2024-12-10T07:42:11.468+0000] {logging_mixin.py:190} INFO - Task instance is in running state
[2024-12-10T07:42:11.478+0000] {logging_mixin.py:190} INFO -  Previous state of the Task instance: queued
[2024-12-10T07:42:11.483+0000] {logging_mixin.py:190} INFO - Current task name:transform_weather_data state:running start_date:2024-12-10 07:42:09.256666+00:00
[2024-12-10T07:42:11.486+0000] {logging_mixin.py:190} INFO - Dag name:weather_data_pipeline and current dag run status:running
[2024-12-10T07:42:11.489+0000] {taskinstance.py:731} INFO - ::endgroup::
[2024-12-10T07:42:11.519+0000] {python.py:240} INFO - Done. Returned value was: {'city': 'Portland', 'temperature': 37.04000000000002, 'pressure': 1031, 'humidity': 94, 'timestamp': datetime.datetime(2024, 12, 9, 23, 41, 38), 'sunrise': datetime.datetime(2024, 12, 9, 7, 39, 41), 'sunset': datetime.datetime(2024, 12, 9, 16, 27, 17)}
[2024-12-10T07:42:11.610+0000] {taskinstance.py:340} INFO - ::group::Post task execution logs
[2024-12-10T07:42:11.619+0000] {taskinstance.py:352} INFO - Marking task as SUCCESS. dag_id=weather_data_pipeline, task_id=transform_weather_data, run_id=scheduled__2024-12-09T00:00:00+00:00, execution_date=20241209T000000, start_date=20241210T074209, end_date=20241210T074211
[2024-12-10T07:42:11.665+0000] {logging_mixin.py:190} INFO - Task instance in success state
[2024-12-10T07:42:11.666+0000] {logging_mixin.py:190} INFO -  Previous state of the Task instance: running
[2024-12-10T07:42:11.667+0000] {logging_mixin.py:190} INFO - Dag name:weather_data_pipeline queued_at:2024-12-10 00:23:42.697892+00:00
[2024-12-10T07:42:11.668+0000] {logging_mixin.py:190} INFO - Task hostname:4ccd8b9315ad operator:PythonOperator
[2024-12-10T07:42:11.748+0000] {local_task_job_runner.py:266} INFO - Task exited with return code 0
[2024-12-10T07:42:11.918+0000] {taskinstance.py:3895} INFO - 1 downstream tasks scheduled from follow-on schedule check
[2024-12-10T07:42:11.932+0000] {local_task_job_runner.py:245} INFO - ::endgroup::
